Analysis & Synthesis report for UART_TX
Mon Apr 19 09:40:45 2021
Quartus Prime Version 18.1.0 Build 625 09/12/2018 SJ Lite Edition


---------------------
; Table of Contents ;
---------------------
  1. Legal Notice
  2. Analysis & Synthesis Summary
  3. Analysis & Synthesis Settings
  4. Parallel Compilation
  5. Analysis & Synthesis Source Files Read
  6. Analysis & Synthesis Resource Usage Summary
  7. Analysis & Synthesis Resource Utilization by Entity
  8. State Machine - |uart_tx|estado
  9. Registers Removed During Synthesis
 10. Removed Registers Triggering Further Register Optimizations
 11. General Register Statistics
 12. Source assignments for Top-level Entity: |UART_TX
 13. Parameter Settings for User Entity Instance: clk_div:CLK0
 14. Post-Synthesis Netlist Statistics for Top Partition
 15. Elapsed Time Per Partition
 16. Analysis & Synthesis Messages



----------------
; Legal Notice ;
----------------
Copyright (C) 2018  Intel Corporation. All rights reserved.
Your use of Intel Corporation's design tools, logic functions 
and other software and tools, and its AMPP partner logic 
functions, and any output files from any of the foregoing 
(including device programming or simulation files), and any 
associated documentation or information are expressly subject 
to the terms and conditions of the Intel Program License 
Subscription Agreement, the Intel Quartus Prime License Agreement,
the Intel FPGA IP License Agreement, or other applicable license
agreement, including, without limitation, that your use is for
the sole purpose of programming logic devices manufactured by
Intel and sold by Intel or its authorized distributors.  Please
refer to the applicable agreement for further details.



+----------------------------------------------------------------------------------+
; Analysis & Synthesis Summary                                                     ;
+------------------------------------+---------------------------------------------+
; Analysis & Synthesis Status        ; Successful - Mon Apr 19 09:40:45 2021       ;
; Quartus Prime Version              ; 18.1.0 Build 625 09/12/2018 SJ Lite Edition ;
; Revision Name                      ; UART_TX                                     ;
; Top-level Entity Name              ; uart_tx                                     ;
; Family                             ; MAX 10                                      ;
; Total logic elements               ; 0                                           ;
;     Total combinational functions  ; 0                                           ;
;     Dedicated logic registers      ; 0                                           ;
; Total registers                    ; 0                                           ;
; Total pins                         ; 13                                          ;
; Total virtual pins                 ; 0                                           ;
; Total memory bits                  ; 0                                           ;
; Embedded Multiplier 9-bit elements ; 0                                           ;
; Total PLLs                         ; 0                                           ;
; UFM blocks                         ; 0                                           ;
; ADC blocks                         ; 0                                           ;
+------------------------------------+---------------------------------------------+


+------------------------------------------------------------------------------------------------------------+
; Analysis & Synthesis Settings                                                                              ;
+------------------------------------------------------------------+--------------------+--------------------+
; Option                                                           ; Setting            ; Default Value      ;
+------------------------------------------------------------------+--------------------+--------------------+
; Device                                                           ; 10M50DAF484C6GES   ;                    ;
; Top-level entity name                                            ; UART_TX            ; UART_TX            ;
; Family name                                                      ; MAX 10             ; Cyclone V          ;
; Use smart compilation                                            ; Off                ; Off                ;
; Enable parallel Assembler and Timing Analyzer during compilation ; On                 ; On                 ;
; Enable compact report table                                      ; Off                ; Off                ;
; Restructure Multiplexers                                         ; Auto               ; Auto               ;
; Create Debugging Nodes for IP Cores                              ; Off                ; Off                ;
; Preserve fewer node names                                        ; On                 ; On                 ;
; Intel FPGA IP Evaluation Mode                                    ; Enable             ; Enable             ;
; Verilog Version                                                  ; Verilog_2001       ; Verilog_2001       ;
; VHDL Version                                                     ; VHDL_1993          ; VHDL_1993          ;
; State Machine Processing                                         ; Auto               ; Auto               ;
; Safe State Machine                                               ; Off                ; Off                ;
; Extract Verilog State Machines                                   ; On                 ; On                 ;
; Extract VHDL State Machines                                      ; On                 ; On                 ;
; Ignore Verilog initial constructs                                ; Off                ; Off                ;
; Iteration limit for constant Verilog loops                       ; 5000               ; 5000               ;
; Iteration limit for non-constant Verilog loops                   ; 250                ; 250                ;
; Add Pass-Through Logic to Inferred RAMs                          ; On                 ; On                 ;
; Infer RAMs from Raw Logic                                        ; On                 ; On                 ;
; Parallel Synthesis                                               ; On                 ; On                 ;
; DSP Block Balancing                                              ; Auto               ; Auto               ;
; NOT Gate Push-Back                                               ; On                 ; On                 ;
; Power-Up Don't Care                                              ; On                 ; On                 ;
; Remove Redundant Logic Cells                                     ; Off                ; Off                ;
; Remove Duplicate Registers                                       ; On                 ; On                 ;
; Ignore CARRY Buffers                                             ; Off                ; Off                ;
; Ignore CASCADE Buffers                                           ; Off                ; Off                ;
; Ignore GLOBAL Buffers                                            ; Off                ; Off                ;
; Ignore ROW GLOBAL Buffers                                        ; Off                ; Off                ;
; Ignore LCELL Buffers                                             ; Off                ; Off                ;
; Ignore SOFT Buffers                                              ; On                 ; On                 ;
; Limit AHDL Integers to 32 Bits                                   ; Off                ; Off                ;
; Optimization Technique                                           ; Balanced           ; Balanced           ;
; Carry Chain Length                                               ; 70                 ; 70                 ;
; Auto Carry Chains                                                ; On                 ; On                 ;
; Auto Open-Drain Pins                                             ; On                 ; On                 ;
; Perform WYSIWYG Primitive Resynthesis                            ; Off                ; Off                ;
; Auto ROM Replacement                                             ; On                 ; On                 ;
; Auto RAM Replacement                                             ; On                 ; On                 ;
; Auto DSP Block Replacement                                       ; On                 ; On                 ;
; Auto Shift Register Replacement                                  ; Auto               ; Auto               ;
; Allow Shift Register Merging across Hierarchies                  ; Auto               ; Auto               ;
; Auto Clock Enable Replacement                                    ; On                 ; On                 ;
; Strict RAM Replacement                                           ; Off                ; Off                ;
; Allow Synchronous Control Signals                                ; On                 ; On                 ;
; Force Use of Synchronous Clear Signals                           ; Off                ; Off                ;
; Auto RAM Block Balancing                                         ; On                 ; On                 ;
; Auto RAM to Logic Cell Conversion                                ; Off                ; Off                ;
; Auto Resource Sharing                                            ; Off                ; Off                ;
; Allow Any RAM Size For Recognition                               ; Off                ; Off                ;
; Allow Any ROM Size For Recognition                               ; Off                ; Off                ;
; Allow Any Shift Register Size For Recognition                    ; Off                ; Off                ;
; Use LogicLock Constraints during Resource Balancing              ; On                 ; On                 ;
; Ignore translate_off and synthesis_off directives                ; Off                ; Off                ;
; Timing-Driven Synthesis                                          ; On                 ; On                 ;
; Report Parameter Settings                                        ; On                 ; On                 ;
; Report Source Assignments                                        ; On                 ; On                 ;
; Report Connectivity Checks                                       ; On                 ; On                 ;
; Ignore Maximum Fan-Out Assignments                               ; Off                ; Off                ;
; Synchronization Register Chain Length                            ; 2                  ; 2                  ;
; Power Optimization During Synthesis                              ; Normal compilation ; Normal compilation ;
; HDL message level                                                ; Level2             ; Level2             ;
; Suppress Register Optimization Related Messages                  ; Off                ; Off                ;
; Number of Removed Registers Reported in Synthesis Report         ; 5000               ; 5000               ;
; Number of Swept Nodes Reported in Synthesis Report               ; 5000               ; 5000               ;
; Number of Inverted Registers Reported in Synthesis Report        ; 100                ; 100                ;
; Clock MUX Protection                                             ; On                 ; On                 ;
; Auto Gated Clock Conversion                                      ; Off                ; Off                ;
; Block Design Naming                                              ; Auto               ; Auto               ;
; SDC constraint protection                                        ; Off                ; Off                ;
; Synthesis Effort                                                 ; Auto               ; Auto               ;
; Shift Register Replacement - Allow Asynchronous Clear Signal     ; On                 ; On                 ;
; Pre-Mapping Resynthesis Optimization                             ; Off                ; Off                ;
; Analysis & Synthesis Message Level                               ; Medium             ; Medium             ;
; Disable Register Merging Across Hierarchies                      ; Auto               ; Auto               ;
; Resource Aware Inference For Block RAM                           ; On                 ; On                 ;
+------------------------------------------------------------------+--------------------+--------------------+


+------------------------------------------+
; Parallel Compilation                     ;
+----------------------------+-------------+
; Processors                 ; Number      ;
+----------------------------+-------------+
; Number detected on machine ; 12          ;
; Maximum allowed            ; 6           ;
;                            ;             ;
; Average used               ; 1.00        ;
; Maximum used               ; 1           ;
;                            ;             ;
; Usage by Processor         ; % Time Used ;
;     Processor 1            ; 100.0%      ;
+----------------------------+-------------+


+----------------------------------------------------------------------------------------------------------------------------------------------------+
; Analysis & Synthesis Source Files Read                                                                                                             ;
+----------------------------------+-----------------+-----------------+-------------------------------------------------------------------+---------+
; File Name with User-Entered Path ; Used in Netlist ; File Type       ; File Name with Absolute Path                                      ; Library ;
+----------------------------------+-----------------+-----------------+-------------------------------------------------------------------+---------+
; clk_div.vhd                      ; yes             ; User VHDL File  ; D:/Programas/intelFPGA_lite/Projects_MAX10/Practica_9/clk_div.vhd ;         ;
; UART_TX.vhd                      ; yes             ; User VHDL File  ; D:/Programas/intelFPGA_lite/Projects_MAX10/Practica_9/UART_TX.vhd ;         ;
+----------------------------------+-----------------+-----------------+-------------------------------------------------------------------+---------+


+----------------------------------------------------------+
; Analysis & Synthesis Resource Usage Summary              ;
+---------------------------------------------+------------+
; Resource                                    ; Usage      ;
+---------------------------------------------+------------+
;                                             ;            ;
; Total combinational functions               ; 0          ;
; Logic element usage by number of LUT inputs ;            ;
;     -- 4 input functions                    ; 0          ;
;     -- 3 input functions                    ; 0          ;
;     -- <=2 input functions                  ; 0          ;
;                                             ;            ;
; Logic elements by mode                      ;            ;
;     -- normal mode                          ; 0          ;
;     -- arithmetic mode                      ; 0          ;
;                                             ;            ;
; Total registers                             ; 0          ;
;     -- Dedicated logic registers            ; 0          ;
;     -- I/O registers                        ; 0          ;
;                                             ;            ;
; I/O pins                                    ; 13         ;
;                                             ;            ;
; Embedded Multiplier 9-bit elements          ; 0          ;
;                                             ;            ;
; Maximum fan-out node                        ; tx_data[0] ;
; Maximum fan-out                             ; 1          ;
; Total fan-out                               ; 13         ;
; Average fan-out                             ; 0.50       ;
+---------------------------------------------+------------+


+------------------------------------------------------------------------------------------------------------------------------------------------------------------------------------------------------------------------------------+
; Analysis & Synthesis Resource Utilization by Entity                                                                                                                                                                                ;
+----------------------------+---------------------+---------------------------+-------------+------------+--------------+---------+-----------+------+--------------+------------+---------------------+-------------+--------------+
; Compilation Hierarchy Node ; Combinational ALUTs ; Dedicated Logic Registers ; Memory Bits ; UFM Blocks ; DSP Elements ; DSP 9x9 ; DSP 18x18 ; Pins ; Virtual Pins ; ADC blocks ; Full Hierarchy Name ; Entity Name ; Library Name ;
+----------------------------+---------------------+---------------------------+-------------+------------+--------------+---------+-----------+------+--------------+------------+---------------------+-------------+--------------+
; |uart_tx                   ; 0 (0)               ; 0 (0)                     ; 0           ; 0          ; 0            ; 0       ; 0         ; 13   ; 0            ; 0          ; |uart_tx            ; uart_tx     ; work         ;
+----------------------------+---------------------+---------------------------+-------------+------------+--------------+---------+-----------+------+--------------+------------+---------------------+-------------+--------------+
Note: For table entries with two numbers listed, the numbers in parentheses indicate the number of resources of the given type used by the specific entity alone. The numbers listed outside of parentheses indicate the total resources of the given type used by the specific entity and all of its sub-entities in the hierarchy.


Encoding Type:  One-Hot
+------------------------------------------------------------------------+
; State Machine - |uart_tx|estado                                        ;
+--------------+-------------+--------------+--------------+-------------+
; Name         ; estado.stop ; estado.bittx ; estado.start ; estado.idle ;
+--------------+-------------+--------------+--------------+-------------+
; estado.idle  ; 0           ; 0            ; 0            ; 0           ;
; estado.start ; 0           ; 0            ; 1            ; 1           ;
; estado.bittx ; 0           ; 1            ; 0            ; 1           ;
; estado.stop  ; 1           ; 0            ; 0            ; 1           ;
+--------------+-------------+--------------+--------------+-------------+


+-------------------------------------------------------------+
; Registers Removed During Synthesis                          ;
+----------------------------------------+--------------------+
; Register name                          ; Reason for Removal ;
+----------------------------------------+--------------------+
; estado.idle                            ; Lost fanout        ;
; estado.start                           ; Lost fanout        ;
; estado.bittx                           ; Lost fanout        ;
; estado.stop                            ; Lost fanout        ;
; clk_div:CLK0|clk_sig                   ; Lost fanout        ;
; clk_div:CLK0|contador[0..11]           ; Lost fanout        ;
; Total Number of Removed Registers = 17 ;                    ;
+----------------------------------------+--------------------+


+--------------------------------------------------------------------------------------------------------------------+
; Removed Registers Triggering Further Register Optimizations                                                        ;
+---------------+--------------------+-------------------------------------------------------------------------------+
; Register name ; Reason for Removal ; Registers Removed due to This Register                                        ;
+---------------+--------------------+-------------------------------------------------------------------------------+
; estado.idle   ; Lost Fanouts       ; clk_div:CLK0|clk_sig, clk_div:CLK0|contador[11], clk_div:CLK0|contador[10],   ;
;               ;                    ; clk_div:CLK0|contador[9], clk_div:CLK0|contador[8], clk_div:CLK0|contador[7], ;
;               ;                    ; clk_div:CLK0|contador[6], clk_div:CLK0|contador[5], clk_div:CLK0|contador[4], ;
;               ;                    ; clk_div:CLK0|contador[3], clk_div:CLK0|contador[2], clk_div:CLK0|contador[1], ;
;               ;                    ; clk_div:CLK0|contador[0]                                                      ;
+---------------+--------------------+-------------------------------------------------------------------------------+


+------------------------------------------------------+
; General Register Statistics                          ;
+----------------------------------------------+-------+
; Statistic                                    ; Value ;
+----------------------------------------------+-------+
; Total registers                              ; 0     ;
; Number of registers using Synchronous Clear  ; 0     ;
; Number of registers using Synchronous Load   ; 0     ;
; Number of registers using Asynchronous Clear ; 0     ;
; Number of registers using Asynchronous Load  ; 0     ;
; Number of registers using Clock Enable       ; 0     ;
; Number of registers using Preset             ; 0     ;
+----------------------------------------------+-------+


+---------------------------------------------------+
; Source assignments for Top-level Entity: |UART_TX ;
+------------+---------+------+---------------------+
; Assignment ; Value   ; From ; To                  ;
+------------+---------+------+---------------------+
; LOCATION   ; Pin_A14 ; -    ; tx_data[7]          ;
; LOCATION   ; Pin_A13 ; -    ; tx_data[6]          ;
; LOCATION   ; Pin_B12 ; -    ; tx_data[5]          ;
; LOCATION   ; Pin_A12 ; -    ; tx_data[4]          ;
; LOCATION   ; Pin_C12 ; -    ; tx_data[3]          ;
; LOCATION   ; Pin_D12 ; -    ; tx_data[2]          ;
; LOCATION   ; Pin_C11 ; -    ; tx_data[1]          ;
; LOCATION   ; Pin_C10 ; -    ; tx_data[0]          ;
; LOCATION   ; Pin_N14 ; -    ; clk_i               ;
; LOCATION   ; Pin_B8  ; -    ; reset               ;
; LOCATION   ; Pin_A7  ; -    ; tx_en               ;
; LOCATION   ; Pin_W10 ; -    ; tx                  ;
; LOCATION   ; Pin_A8  ; -    ; tx_rdy              ;
+------------+---------+------+---------------------+


+-----------------------------------------------------------+
; Parameter Settings for User Entity Instance: clk_div:CLK0 ;
+----------------+-------+----------------------------------+
; Parameter Name ; Value ; Type                             ;
+----------------+-------+----------------------------------+
; divider        ; 5208  ; Signed Integer                   ;
+----------------+-------+----------------------------------+
Note: In order to hide this table in the UI and the text report file, please set the "Show Parameter Settings in Synthesis Report" option in "Analysis and Synthesis Settings -> More Settings" to "Off".


+-----------------------------------------------------+
; Post-Synthesis Netlist Statistics for Top Partition ;
+-----------------------+-----------------------------+
; Type                  ; Count                       ;
+-----------------------+-----------------------------+
; boundary_port         ; 13                          ;
; cycloneiii_lcell_comb ; 1                           ;
;     normal            ; 1                           ;
;         0 data inputs ; 1                           ;
;                       ;                             ;
; Max LUT depth         ; 0.00                        ;
; Average LUT depth     ; 0.00                        ;
+-----------------------+-----------------------------+


+-------------------------------+
; Elapsed Time Per Partition    ;
+----------------+--------------+
; Partition Name ; Elapsed Time ;
+----------------+--------------+
; Top            ; 00:00:00     ;
+----------------+--------------+


+-------------------------------+
; Analysis & Synthesis Messages ;
+-------------------------------+
Info: *******************************************************************
Info: Running Quartus Prime Analysis & Synthesis
    Info: Version 18.1.0 Build 625 09/12/2018 SJ Lite Edition
    Info: Processing started: Mon Apr 19 09:40:35 2021
Info: Command: quartus_map --read_settings_files=on --write_settings_files=off UART_TX -c UART_TX
Warning (18236): Number of processors has not been specified which may cause overloading on shared machines.  Set the global assignment NUM_PARALLEL_PROCESSORS in your QSF to an appropriate value for best performance.
Info (20030): Parallel compilation is enabled and will use 6 of the 6 processors detected
Info (12021): Found 3 design units, including 1 entities, in source file clk_div.vhd
    Info (12022): Found design unit 1: clk_div-behavioral File: D:/Programas/intelFPGA_lite/Projects_MAX10/Practica_9/clk_div.vhd Line: 9
    Info (12022): Found design unit 2: clk_div_package File: D:/Programas/intelFPGA_lite/Projects_MAX10/Practica_9/clk_div.vhd Line: 33
    Info (12023): Found entity 1: clk_div File: D:/Programas/intelFPGA_lite/Projects_MAX10/Practica_9/clk_div.vhd Line: 3
Info (12021): Found 2 design units, including 1 entities, in source file uart_tx.vhd
    Info (12022): Found design unit 1: uart_tx-bhv File: D:/Programas/intelFPGA_lite/Projects_MAX10/Practica_9/UART_TX.vhd Line: 12
    Info (12023): Found entity 1: uart_tx File: D:/Programas/intelFPGA_lite/Projects_MAX10/Practica_9/UART_TX.vhd Line: 4
Info (12127): Elaborating entity "UART_TX" for the top level hierarchy
Warning (10492): VHDL Process Statement warning at UART_TX.vhd(33): signal "reset" is read inside the Process Statement but isn't in the Process Statement's sensitivity list File: D:/Programas/intelFPGA_lite/Projects_MAX10/Practica_9/UART_TX.vhd Line: 33
Warning (10492): VHDL Process Statement warning at UART_TX.vhd(47): signal "tx_en" is read inside the Process Statement but isn't in the Process Statement's sensitivity list File: D:/Programas/intelFPGA_lite/Projects_MAX10/Practica_9/UART_TX.vhd Line: 47
Warning (10631): VHDL Process Statement warning at UART_TX.vhd(40): inferring latch(es) for signal or variable "tx", which holds its previous value in one or more paths through the process File: D:/Programas/intelFPGA_lite/Projects_MAX10/Practica_9/UART_TX.vhd Line: 40
Warning (10631): VHDL Process Statement warning at UART_TX.vhd(40): inferring latch(es) for signal or variable "tx_rdy", which holds its previous value in one or more paths through the process File: D:/Programas/intelFPGA_lite/Projects_MAX10/Practica_9/UART_TX.vhd Line: 40
Warning (10631): VHDL Process Statement warning at UART_TX.vhd(40): inferring latch(es) for signal or variable "sig_estado", which holds its previous value in one or more paths through the process File: D:/Programas/intelFPGA_lite/Projects_MAX10/Practica_9/UART_TX.vhd Line: 40
Info (10041): Inferred latch for "sig_estado.stop" at UART_TX.vhd(40) File: D:/Programas/intelFPGA_lite/Projects_MAX10/Practica_9/UART_TX.vhd Line: 40
Info (10041): Inferred latch for "sig_estado.bittx" at UART_TX.vhd(40) File: D:/Programas/intelFPGA_lite/Projects_MAX10/Practica_9/UART_TX.vhd Line: 40
Info (10041): Inferred latch for "sig_estado.start" at UART_TX.vhd(40) File: D:/Programas/intelFPGA_lite/Projects_MAX10/Practica_9/UART_TX.vhd Line: 40
Info (10041): Inferred latch for "sig_estado.idle" at UART_TX.vhd(40) File: D:/Programas/intelFPGA_lite/Projects_MAX10/Practica_9/UART_TX.vhd Line: 40
Info (10041): Inferred latch for "tx_rdy" at UART_TX.vhd(40) File: D:/Programas/intelFPGA_lite/Projects_MAX10/Practica_9/UART_TX.vhd Line: 40
Info (10041): Inferred latch for "tx" at UART_TX.vhd(40) File: D:/Programas/intelFPGA_lite/Projects_MAX10/Practica_9/UART_TX.vhd Line: 40
Info (12128): Elaborating entity "clk_div" for hierarchy "clk_div:CLK0" File: D:/Programas/intelFPGA_lite/Projects_MAX10/Practica_9/UART_TX.vhd Line: 29
Warning (10492): VHDL Process Statement warning at clk_div.vhd(15): signal "reset" is read inside the Process Statement but isn't in the Process Statement's sensitivity list File: D:/Programas/intelFPGA_lite/Projects_MAX10/Practica_9/clk_div.vhd Line: 15
Warning (13024): Output pins are stuck at VCC or GND
    Warning (13410): Pin "tx" is stuck at VCC File: D:/Programas/intelFPGA_lite/Projects_MAX10/Practica_9/UART_TX.vhd Line: 8
    Warning (13410): Pin "tx_rdy" is stuck at VCC File: D:/Programas/intelFPGA_lite/Projects_MAX10/Practica_9/UART_TX.vhd Line: 8
Info (17049): 17 registers lost all their fanouts during netlist optimizations.
Info (16010): Generating hard_block partition "hard_block:auto_generated_inst"
    Info (16011): Adding 0 node(s), including 0 DDIO, 0 PLL, 0 transceiver and 0 LCELL
Warning (21074): Design contains 11 input pin(s) that do not drive logic
    Warning (15610): No output dependent on input pin "tx_data[0]" File: D:/Programas/intelFPGA_lite/Projects_MAX10/Practica_9/UART_TX.vhd Line: 6
    Warning (15610): No output dependent on input pin "tx_data[1]" File: D:/Programas/intelFPGA_lite/Projects_MAX10/Practica_9/UART_TX.vhd Line: 6
    Warning (15610): No output dependent on input pin "tx_data[2]" File: D:/Programas/intelFPGA_lite/Projects_MAX10/Practica_9/UART_TX.vhd Line: 6
    Warning (15610): No output dependent on input pin "tx_data[3]" File: D:/Programas/intelFPGA_lite/Projects_MAX10/Practica_9/UART_TX.vhd Line: 6
    Warning (15610): No output dependent on input pin "tx_data[4]" File: D:/Programas/intelFPGA_lite/Projects_MAX10/Practica_9/UART_TX.vhd Line: 6
    Warning (15610): No output dependent on input pin "tx_data[5]" File: D:/Programas/intelFPGA_lite/Projects_MAX10/Practica_9/UART_TX.vhd Line: 6
    Warning (15610): No output dependent on input pin "tx_data[6]" File: D:/Programas/intelFPGA_lite/Projects_MAX10/Practica_9/UART_TX.vhd Line: 6
    Warning (15610): No output dependent on input pin "tx_data[7]" File: D:/Programas/intelFPGA_lite/Projects_MAX10/Practica_9/UART_TX.vhd Line: 6
    Warning (15610): No output dependent on input pin "tx_en" File: D:/Programas/intelFPGA_lite/Projects_MAX10/Practica_9/UART_TX.vhd Line: 7
    Warning (15610): No output dependent on input pin "reset" File: D:/Programas/intelFPGA_lite/Projects_MAX10/Practica_9/UART_TX.vhd Line: 7
    Warning (15610): No output dependent on input pin "clk_i" File: D:/Programas/intelFPGA_lite/Projects_MAX10/Practica_9/UART_TX.vhd Line: 7
Info (21057): Implemented 13 device resources after synthesis - the final resource count might be different
    Info (21058): Implemented 11 input pins
    Info (21059): Implemented 2 output pins
Info: Quartus Prime Analysis & Synthesis was successful. 0 errors, 22 warnings
    Info: Peak virtual memory: 4787 megabytes
    Info: Processing ended: Mon Apr 19 09:40:45 2021
    Info: Elapsed time: 00:00:10
    Info: Total CPU time (on all processors): 00:00:20


