Timing Analyzer report for M_PasoAPaso
Sat Mar 06 19:33:34 2021
Quartus Prime Version 18.1.0 Build 625 09/12/2018 SJ Lite Edition


---------------------
; Table of Contents ;
---------------------
  1. Legal Notice
  2. Timing Analyzer Summary
  3. Parallel Compilation
  4. Clocks
  5. Slow 1200mV 85C Model Fmax Summary
  6. Slow 1200mV 85C Model Setup Summary
  7. Slow 1200mV 85C Model Hold Summary
  8. Slow 1200mV 85C Model Recovery Summary
  9. Slow 1200mV 85C Model Removal Summary
 10. Slow 1200mV 85C Model Minimum Pulse Width Summary
 11. Slow 1200mV 85C Model Metastability Summary
 12. Slow 1200mV 0C Model Fmax Summary
 13. Slow 1200mV 0C Model Setup Summary
 14. Slow 1200mV 0C Model Hold Summary
 15. Slow 1200mV 0C Model Recovery Summary
 16. Slow 1200mV 0C Model Removal Summary
 17. Slow 1200mV 0C Model Minimum Pulse Width Summary
 18. Slow 1200mV 0C Model Metastability Summary
 19. Fast 1200mV 0C Model Setup Summary
 20. Fast 1200mV 0C Model Hold Summary
 21. Fast 1200mV 0C Model Recovery Summary
 22. Fast 1200mV 0C Model Removal Summary
 23. Fast 1200mV 0C Model Minimum Pulse Width Summary
 24. Fast 1200mV 0C Model Metastability Summary
 25. Multicorner Timing Analysis Summary
 26. Board Trace Model Assignments
 27. Input Transition Times
 28. Signal Integrity Metrics (Slow 1200mv 0c Model)
 29. Signal Integrity Metrics (Slow 1200mv 85c Model)
 30. Signal Integrity Metrics (Fast 1200mv 0c Model)
 31. Setup Transfers
 32. Hold Transfers
 33. Report TCCS
 34. Report RSKM
 35. Unconstrained Paths Summary
 36. Clock Status Summary
 37. Unconstrained Input Ports
 38. Unconstrained Output Ports
 39. Unconstrained Input Ports
 40. Unconstrained Output Ports
 41. Timing Analyzer Messages



----------------
; Legal Notice ;
----------------
Copyright (C) 2018  Intel Corporation. All rights reserved.
Your use of Intel Corporation's design tools, logic functions 
and other software and tools, and its AMPP partner logic 
functions, and any output files from any of the foregoing 
(including device programming or simulation files), and any 
associated documentation or information are expressly subject 
to the terms and conditions of the Intel Program License 
Subscription Agreement, the Intel Quartus Prime License Agreement,
the Intel FPGA IP License Agreement, or other applicable license
agreement, including, without limitation, that your use is for
the sole purpose of programming logic devices manufactured by
Intel and sold by Intel or its authorized distributors.  Please
refer to the applicable agreement for further details.



+-----------------------------------------------------------------------------+
; Timing Analyzer Summary                                                     ;
+-----------------------+-----------------------------------------------------+
; Quartus Prime Version ; Version 18.1.0 Build 625 09/12/2018 SJ Lite Edition ;
; Timing Analyzer       ; Legacy Timing Analyzer                              ;
; Revision Name         ; M_PasoAPaso                                         ;
; Device Family         ; MAX 10                                              ;
; Device Name           ; 10M50DAF484C6GES                                    ;
; Timing Models         ; Preliminary                                         ;
; Delay Model           ; Combined                                            ;
; Rise/Fall Delays      ; Enabled                                             ;
+-----------------------+-----------------------------------------------------+


+------------------------------------------+
; Parallel Compilation                     ;
+----------------------------+-------------+
; Processors                 ; Number      ;
+----------------------------+-------------+
; Number detected on machine ; 12          ;
; Maximum allowed            ; 6           ;
;                            ;             ;
; Average used               ; 1.05        ;
; Maximum used               ; 6           ;
;                            ;             ;
; Usage by Processor         ; % Time Used ;
;     Processor 1            ; 100.0%      ;
;     Processors 2-6         ;   1.1%      ;
+----------------------------+-------------+


+----------------------------------------------------------------------------------------------------------------------------------------------------------------------------------------------+
; Clocks                                                                                                                                                                                       ;
+---------------+------+--------+------------+-------+-------+------------+-----------+-------------+-------+--------+-----------+------------+----------+--------+--------+-------------------+
; Clock Name    ; Type ; Period ; Frequency  ; Rise  ; Fall  ; Duty Cycle ; Divide by ; Multiply by ; Phase ; Offset ; Edge List ; Edge Shift ; Inverted ; Master ; Source ; Targets           ;
+---------------+------+--------+------------+-------+-------+------------+-----------+-------------+-------+--------+-----------+------------+----------+--------+--------+-------------------+
; 7456:inst3|5  ; Base ; 1.000  ; 1000.0 MHz ; 0.000 ; 0.500 ;            ;           ;             ;       ;        ;           ;            ;          ;        ;        ; { 7456:inst3|5 }  ;
; 7456:inst3|16 ; Base ; 1.000  ; 1000.0 MHz ; 0.000 ; 0.500 ;            ;           ;             ;       ;        ;           ;            ;          ;        ;        ; { 7456:inst3|16 } ;
; 7456:inst4|5  ; Base ; 1.000  ; 1000.0 MHz ; 0.000 ; 0.500 ;            ;           ;             ;       ;        ;           ;            ;          ;        ;        ; { 7456:inst4|5 }  ;
; 7456:inst4|16 ; Base ; 1.000  ; 1000.0 MHz ; 0.000 ; 0.500 ;            ;           ;             ;       ;        ;           ;            ;          ;        ;        ; { 7456:inst4|16 } ;
; 7456:inst5|16 ; Base ; 1.000  ; 1000.0 MHz ; 0.000 ; 0.500 ;            ;           ;             ;       ;        ;           ;            ;          ;        ;        ; { 7456:inst5|16 } ;
; 7456:inst|5   ; Base ; 1.000  ; 1000.0 MHz ; 0.000 ; 0.500 ;            ;           ;             ;       ;        ;           ;            ;          ;        ;        ; { 7456:inst|5 }   ;
; 7456:inst|16  ; Base ; 1.000  ; 1000.0 MHz ; 0.000 ; 0.500 ;            ;           ;             ;       ;        ;           ;            ;          ;        ;        ; { 7456:inst|16 }  ;
; CLK_INPUT     ; Base ; 1.000  ; 1000.0 MHz ; 0.000 ; 0.500 ;            ;           ;             ;       ;        ;           ;            ;          ;        ;        ; { CLK_INPUT }     ;
+---------------+------+--------+------------+-------+-------+------------+-----------+-------------+-------+--------+-----------+------------+----------+--------+--------+-------------------+


+--------------------------------------------------------------------------------------------------------------+
; Slow 1200mV 85C Model Fmax Summary                                                                           ;
+------------+-----------------+---------------+---------------------------------------------------------------+
; Fmax       ; Restricted Fmax ; Clock Name    ; Note                                                          ;
+------------+-----------------+---------------+---------------------------------------------------------------+
; 439.95 MHz ; 250.0 MHz       ; CLK_INPUT     ; limit due to minimum period restriction (max I/O toggle rate) ;
; 550.66 MHz ; 450.05 MHz      ; 7456:inst|16  ; limit due to minimum period restriction (tmin)                ;
; 555.86 MHz ; 450.05 MHz      ; 7456:inst3|16 ; limit due to minimum period restriction (tmin)                ;
; 557.41 MHz ; 450.05 MHz      ; 7456:inst4|5  ; limit due to minimum period restriction (tmin)                ;
; 557.72 MHz ; 450.05 MHz      ; 7456:inst3|5  ; limit due to minimum period restriction (tmin)                ;
; 560.54 MHz ; 450.05 MHz      ; 7456:inst5|16 ; limit due to minimum period restriction (tmin)                ;
; 562.11 MHz ; 450.05 MHz      ; 7456:inst|5   ; limit due to minimum period restriction (tmin)                ;
; 582.07 MHz ; 450.05 MHz      ; 7456:inst4|16 ; limit due to minimum period restriction (tmin)                ;
+------------+-----------------+---------------+---------------------------------------------------------------+
This panel reports FMAX for every clock in the design, regardless of the user-specified clock periods.  FMAX is only computed for paths where the source and destination registers or ports are driven by the same clock.  Paths of different clocks, including generated clocks, are ignored.  For paths between a clock and its inversion, FMAX is computed as if the rising and falling edges are scaled along with FMAX, such that the duty cycle (in terms of a percentage) is maintained. Altera recommends that you always use clock constraints and other slack reports for sign-off analysis.


+----------------------------------------+
; Slow 1200mV 85C Model Setup Summary    ;
+---------------+--------+---------------+
; Clock         ; Slack  ; End Point TNS ;
+---------------+--------+---------------+
; CLK_INPUT     ; -1.590 ; -1.590        ;
; 7456:inst|16  ; -0.855 ; -1.048        ;
; 7456:inst3|16 ; -0.799 ; -0.799        ;
; 7456:inst4|5  ; -0.794 ; -0.822        ;
; 7456:inst3|5  ; -0.793 ; -0.793        ;
; 7456:inst5|16 ; -0.784 ; -3.567        ;
; 7456:inst|5   ; -0.779 ; -0.806        ;
; 7456:inst4|16 ; -0.727 ; -0.861        ;
+---------------+--------+---------------+


+---------------------------------------+
; Slow 1200mV 85C Model Hold Summary    ;
+---------------+-------+---------------+
; Clock         ; Slack ; End Point TNS ;
+---------------+-------+---------------+
; 7456:inst|16  ; 0.308 ; 0.000         ;
; 7456:inst4|5  ; 0.323 ; 0.000         ;
; 7456:inst|5   ; 0.324 ; 0.000         ;
; 7456:inst3|5  ; 0.325 ; 0.000         ;
; 7456:inst4|16 ; 0.330 ; 0.000         ;
; 7456:inst5|16 ; 0.330 ; 0.000         ;
; CLK_INPUT     ; 0.330 ; 0.000         ;
; 7456:inst3|16 ; 0.331 ; 0.000         ;
+---------------+-------+---------------+


------------------------------------------
; Slow 1200mV 85C Model Recovery Summary ;
------------------------------------------
No paths to report.


-----------------------------------------
; Slow 1200mV 85C Model Removal Summary ;
-----------------------------------------
No paths to report.


+---------------------------------------------------+
; Slow 1200mV 85C Model Minimum Pulse Width Summary ;
+---------------+--------+--------------------------+
; Clock         ; Slack  ; End Point TNS            ;
+---------------+--------+--------------------------+
; CLK_INPUT     ; -3.000 ; -6.666                   ;
; 7456:inst5|16 ; -1.222 ; -9.776                   ;
; 7456:inst3|5  ; -1.222 ; -4.888                   ;
; 7456:inst4|16 ; -1.222 ; -4.888                   ;
; 7456:inst4|5  ; -1.222 ; -4.888                   ;
; 7456:inst|5   ; -1.222 ; -4.888                   ;
; 7456:inst3|16 ; -1.222 ; -3.666                   ;
; 7456:inst|16  ; -1.222 ; -3.666                   ;
+---------------+--------+--------------------------+


-----------------------------------------------
; Slow 1200mV 85C Model Metastability Summary ;
-----------------------------------------------
No synchronizer chains to report.


+--------------------------------------------------------------------------------------------------------------+
; Slow 1200mV 0C Model Fmax Summary                                                                            ;
+------------+-----------------+---------------+---------------------------------------------------------------+
; Fmax       ; Restricted Fmax ; Clock Name    ; Note                                                          ;
+------------+-----------------+---------------+---------------------------------------------------------------+
; 474.38 MHz ; 250.0 MHz       ; CLK_INPUT     ; limit due to minimum period restriction (max I/O toggle rate) ;
; 596.66 MHz ; 450.05 MHz      ; 7456:inst|16  ; limit due to minimum period restriction (tmin)                ;
; 600.6 MHz  ; 450.05 MHz      ; 7456:inst3|16 ; limit due to minimum period restriction (tmin)                ;
; 604.59 MHz ; 450.05 MHz      ; 7456:inst3|5  ; limit due to minimum period restriction (tmin)                ;
; 607.9 MHz  ; 450.05 MHz      ; 7456:inst4|5  ; limit due to minimum period restriction (tmin)                ;
; 608.64 MHz ; 450.05 MHz      ; 7456:inst|5   ; limit due to minimum period restriction (tmin)                ;
; 619.2 MHz  ; 450.05 MHz      ; 7456:inst5|16 ; limit due to minimum period restriction (tmin)                ;
; 626.96 MHz ; 450.05 MHz      ; 7456:inst4|16 ; limit due to minimum period restriction (tmin)                ;
+------------+-----------------+---------------+---------------------------------------------------------------+
This panel reports FMAX for every clock in the design, regardless of the user-specified clock periods.  FMAX is only computed for paths where the source and destination registers or ports are driven by the same clock.  Paths of different clocks, including generated clocks, are ignored.  For paths between a clock and its inversion, FMAX is computed as if the rising and falling edges are scaled along with FMAX, such that the duty cycle (in terms of a percentage) is maintained. Altera recommends that you always use clock constraints and other slack reports for sign-off analysis.


+----------------------------------------+
; Slow 1200mV 0C Model Setup Summary     ;
+---------------+--------+---------------+
; Clock         ; Slack  ; End Point TNS ;
+---------------+--------+---------------+
; CLK_INPUT     ; -1.415 ; -1.415        ;
; 7456:inst|16  ; -0.759 ; -0.841        ;
; 7456:inst4|16 ; -0.699 ; -0.699        ;
; 7456:inst|5   ; -0.696 ; -0.696        ;
; 7456:inst3|16 ; -0.670 ; -0.670        ;
; 7456:inst3|5  ; -0.654 ; -0.654        ;
; 7456:inst4|5  ; -0.650 ; -0.650        ;
; 7456:inst5|16 ; -0.615 ; -2.548        ;
+---------------+--------+---------------+


+---------------------------------------+
; Slow 1200mV 0C Model Hold Summary     ;
+---------------+-------+---------------+
; Clock         ; Slack ; End Point TNS ;
+---------------+-------+---------------+
; 7456:inst|16  ; 0.278 ; 0.000         ;
; 7456:inst4|5  ; 0.292 ; 0.000         ;
; 7456:inst|5   ; 0.293 ; 0.000         ;
; 7456:inst3|5  ; 0.294 ; 0.000         ;
; 7456:inst3|16 ; 0.299 ; 0.000         ;
; 7456:inst4|16 ; 0.299 ; 0.000         ;
; 7456:inst5|16 ; 0.299 ; 0.000         ;
; CLK_INPUT     ; 0.299 ; 0.000         ;
+---------------+-------+---------------+


-----------------------------------------
; Slow 1200mV 0C Model Recovery Summary ;
-----------------------------------------
No paths to report.


----------------------------------------
; Slow 1200mV 0C Model Removal Summary ;
----------------------------------------
No paths to report.


+--------------------------------------------------+
; Slow 1200mV 0C Model Minimum Pulse Width Summary ;
+---------------+--------+-------------------------+
; Clock         ; Slack  ; End Point TNS           ;
+---------------+--------+-------------------------+
; CLK_INPUT     ; -3.000 ; -6.666                  ;
; 7456:inst5|16 ; -1.222 ; -9.776                  ;
; 7456:inst3|5  ; -1.222 ; -4.888                  ;
; 7456:inst4|16 ; -1.222 ; -4.888                  ;
; 7456:inst4|5  ; -1.222 ; -4.888                  ;
; 7456:inst|5   ; -1.222 ; -4.888                  ;
; 7456:inst3|16 ; -1.222 ; -3.666                  ;
; 7456:inst|16  ; -1.222 ; -3.666                  ;
+---------------+--------+-------------------------+


----------------------------------------------
; Slow 1200mV 0C Model Metastability Summary ;
----------------------------------------------
No synchronizer chains to report.


+----------------------------------------+
; Fast 1200mV 0C Model Setup Summary     ;
+---------------+--------+---------------+
; Clock         ; Slack  ; End Point TNS ;
+---------------+--------+---------------+
; CLK_INPUT     ; -0.182 ; -0.182        ;
; 7456:inst|16  ; -0.058 ; -0.058        ;
; 7456:inst|5   ; 0.003  ; 0.000         ;
; 7456:inst3|16 ; 0.008  ; 0.000         ;
; 7456:inst4|16 ; 0.022  ; 0.000         ;
; 7456:inst4|5  ; 0.050  ; 0.000         ;
; 7456:inst3|5  ; 0.065  ; 0.000         ;
; 7456:inst5|16 ; 0.135  ; 0.000         ;
+---------------+--------+---------------+


+---------------------------------------+
; Fast 1200mV 0C Model Hold Summary     ;
+---------------+-------+---------------+
; Clock         ; Slack ; End Point TNS ;
+---------------+-------+---------------+
; 7456:inst|16  ; 0.121 ; 0.000         ;
; 7456:inst4|5  ; 0.145 ; 0.000         ;
; 7456:inst|5   ; 0.146 ; 0.000         ;
; 7456:inst3|5  ; 0.147 ; 0.000         ;
; 7456:inst3|16 ; 0.151 ; 0.000         ;
; 7456:inst4|16 ; 0.151 ; 0.000         ;
; 7456:inst5|16 ; 0.151 ; 0.000         ;
; CLK_INPUT     ; 0.151 ; 0.000         ;
+---------------+-------+---------------+


-----------------------------------------
; Fast 1200mV 0C Model Recovery Summary ;
-----------------------------------------
No paths to report.


----------------------------------------
; Fast 1200mV 0C Model Removal Summary ;
----------------------------------------
No paths to report.


+--------------------------------------------------+
; Fast 1200mV 0C Model Minimum Pulse Width Summary ;
+---------------+--------+-------------------------+
; Clock         ; Slack  ; End Point TNS           ;
+---------------+--------+-------------------------+
; CLK_INPUT     ; -3.000 ; -6.165                  ;
; 7456:inst5|16 ; -1.000 ; -8.000                  ;
; 7456:inst3|5  ; -1.000 ; -4.000                  ;
; 7456:inst4|16 ; -1.000 ; -4.000                  ;
; 7456:inst4|5  ; -1.000 ; -4.000                  ;
; 7456:inst|5   ; -1.000 ; -4.000                  ;
; 7456:inst3|16 ; -1.000 ; -3.000                  ;
; 7456:inst|16  ; -1.000 ; -3.000                  ;
+---------------+--------+-------------------------+


----------------------------------------------
; Fast 1200mV 0C Model Metastability Summary ;
----------------------------------------------
No synchronizer chains to report.


+-------------------------------------------------------------------------------+
; Multicorner Timing Analysis Summary                                           ;
+------------------+---------+-------+----------+---------+---------------------+
; Clock            ; Setup   ; Hold  ; Recovery ; Removal ; Minimum Pulse Width ;
+------------------+---------+-------+----------+---------+---------------------+
; Worst-case Slack ; -1.590  ; 0.121 ; N/A      ; N/A     ; -3.000              ;
;  7456:inst3|16   ; -0.799  ; 0.151 ; N/A      ; N/A     ; -1.222              ;
;  7456:inst3|5    ; -0.793  ; 0.147 ; N/A      ; N/A     ; -1.222              ;
;  7456:inst4|16   ; -0.727  ; 0.151 ; N/A      ; N/A     ; -1.222              ;
;  7456:inst4|5    ; -0.794  ; 0.145 ; N/A      ; N/A     ; -1.222              ;
;  7456:inst5|16   ; -0.784  ; 0.151 ; N/A      ; N/A     ; -1.222              ;
;  7456:inst|16    ; -0.855  ; 0.121 ; N/A      ; N/A     ; -1.222              ;
;  7456:inst|5     ; -0.779  ; 0.146 ; N/A      ; N/A     ; -1.222              ;
;  CLK_INPUT       ; -1.590  ; 0.151 ; N/A      ; N/A     ; -3.000              ;
; Design-wide TNS  ; -10.286 ; 0.0   ; 0.0      ; 0.0     ; -43.326             ;
;  7456:inst3|16   ; -0.799  ; 0.000 ; N/A      ; N/A     ; -3.666              ;
;  7456:inst3|5    ; -0.793  ; 0.000 ; N/A      ; N/A     ; -4.888              ;
;  7456:inst4|16   ; -0.861  ; 0.000 ; N/A      ; N/A     ; -4.888              ;
;  7456:inst4|5    ; -0.822  ; 0.000 ; N/A      ; N/A     ; -4.888              ;
;  7456:inst5|16   ; -3.567  ; 0.000 ; N/A      ; N/A     ; -9.776              ;
;  7456:inst|16    ; -1.048  ; 0.000 ; N/A      ; N/A     ; -3.666              ;
;  7456:inst|5     ; -0.806  ; 0.000 ; N/A      ; N/A     ; -4.888              ;
;  CLK_INPUT       ; -1.590  ; 0.000 ; N/A      ; N/A     ; -6.666              ;
+------------------+---------+-------+----------+---------+---------------------+


+-----------------------------------------------------------------------------------------------------------------------------------------------------------------------------------------------------------------------------------------------------------------------------------------------------------------------------------------------------------------------------------------------------------------+
; Board Trace Model Assignments                                                                                                                                                                                                                                                                                                                                                                                   ;
+--------------+--------------+-------------------+-------------------------+-------------------------+---------------+---------------------+----------------+------------------+--------+------------------+------------------------+------------------------+--------------+---------------+-----------------+-------+---------------------+--------------------+---------------+-----------------+-------------+
; Pin          ; I/O Standard ; Near Tline Length ; Near Tline L per Length ; Near Tline C per Length ; Near Series R ; Near Differential R ; Near Pull-up R ; Near Pull-down R ; Near C ; Far Tline Length ; Far Tline L per Length ; Far Tline C per Length ; Far Series R ; Far Pull-up R ; Far Pull-down R ; Far C ; Termination Voltage ; Far Differential R ; EBD File Name ; EBD Signal Name ; EBD Far-end ;
+--------------+--------------+-------------------+-------------------------+-------------------------+---------------+---------------------+----------------+------------------+--------+------------------+------------------------+------------------------+--------------+---------------+-----------------+-------+---------------------+--------------------+---------------+-----------------+-------------+
; CLK_OUTPUT   ; 2.5 V        ; 0 in              ; 0 H/in                  ; 0 F/in                  ; short         ; -                   ; open           ; open             ; open   ; 0 in             ; 0 H/in                 ; 0 F/in                 ; short        ; open          ; open            ; open  ; 0 V                 ; -                  ; n/a           ; n/a             ; n/a         ;
; A            ; 2.5 V        ; 0 in              ; 0 H/in                  ; 0 F/in                  ; short         ; -                   ; open           ; open             ; open   ; 0 in             ; 0 H/in                 ; 0 F/in                 ; short        ; open          ; open            ; open  ; 0 V                 ; -                  ; n/a           ; n/a             ; n/a         ;
; B            ; 2.5 V        ; 0 in              ; 0 H/in                  ; 0 F/in                  ; short         ; -                   ; open           ; open             ; open   ; 0 in             ; 0 H/in                 ; 0 F/in                 ; short        ; open          ; open            ; open  ; 0 V                 ; -                  ; n/a           ; n/a             ; n/a         ;
; C            ; 2.5 V        ; 0 in              ; 0 H/in                  ; 0 F/in                  ; short         ; -                   ; open           ; open             ; open   ; 0 in             ; 0 H/in                 ; 0 F/in                 ; short        ; open          ; open            ; open  ; 0 V                 ; -                  ; n/a           ; n/a             ; n/a         ;
; D            ; 2.5 V        ; 0 in              ; 0 H/in                  ; 0 F/in                  ; short         ; -                   ; open           ; open             ; open   ; 0 in             ; 0 H/in                 ; 0 F/in                 ; short        ; open          ; open            ; open  ; 0 V                 ; -                  ; n/a           ; n/a             ; n/a         ;
; ~ALTERA_TDO~ ; 2.5 V        ; 0 in              ; 0 H/in                  ; 0 F/in                  ; short         ; -                   ; open           ; open             ; open   ; 0 in             ; 0 H/in                 ; 0 F/in                 ; short        ; open          ; open            ; open  ; 0 V                 ; -                  ; n/a           ; n/a             ; n/a         ;
+--------------+--------------+-------------------+-------------------------+-------------------------+---------------+---------------------+----------------+------------------+--------+------------------+------------------------+------------------------+--------------+---------------+-----------------+-------+---------------------+--------------------+---------------+-----------------+-------------+


+---------------------------------------------------------------------------------+
; Input Transition Times                                                          ;
+---------------------+-----------------------+-----------------+-----------------+
; Pin                 ; I/O Standard          ; 10-90 Rise Time ; 90-10 Fall Time ;
+---------------------+-----------------------+-----------------+-----------------+
; Half_Full           ; 2.5 V                 ; 2000 ps         ; 2000 ps         ;
; Enable              ; 2.5 V                 ; 2000 ps         ; 2000 ps         ;
; Up_Down             ; 2.5 V                 ; 2000 ps         ; 2000 ps         ;
; Reset               ; 2.5 V                 ; 2000 ps         ; 2000 ps         ;
; CLK_INPUT           ; 2.5 V                 ; 2000 ps         ; 2000 ps         ;
; ~ALTERA_TMS~        ; 2.5 V Schmitt Trigger ; 2000 ps         ; 2000 ps         ;
; ~ALTERA_TCK~        ; 2.5 V Schmitt Trigger ; 2000 ps         ; 2000 ps         ;
; ~ALTERA_TDI~        ; 2.5 V Schmitt Trigger ; 2000 ps         ; 2000 ps         ;
; ~ALTERA_CONFIG_SEL~ ; 2.5 V                 ; 2000 ps         ; 2000 ps         ;
; ~ALTERA_nCONFIG~    ; 2.5 V Schmitt Trigger ; 2000 ps         ; 2000 ps         ;
; ~ALTERA_nSTATUS~    ; 2.5 V Schmitt Trigger ; 2000 ps         ; 2000 ps         ;
; ~ALTERA_CONF_DONE~  ; 2.5 V Schmitt Trigger ; 2000 ps         ; 2000 ps         ;
+---------------------+-----------------------+-----------------+-----------------+


+-------------------------------------------------------------------------------------------------------------------------------------------------------------------------------------------------------------------------------------------------------------------------------------------------------------------------------------------------------------------------------------------------------------------------------------------------------------------------------------------------------------------------------------------------------------------------------------------------------------------------------------------------------------------------------------------+
; Signal Integrity Metrics (Slow 1200mv 0c Model)                                                                                                                                                                                                                                                                                                                                                                                                                                                                                                                                                                                                                                           ;
+--------------+--------------+---------------------+---------------------+------------------------------+------------------------------+---------------------+---------------------+--------------------------------------+--------------------------------------+-----------------------------+-----------------------------+----------------------------+----------------------------+-----------------------------+-----------------------------+--------------------+--------------------+-------------------------------------+-------------------------------------+----------------------------+----------------------------+---------------------------+---------------------------+
; Pin          ; I/O Standard ; Board Delay on Rise ; Board Delay on Fall ; Steady State Voh at FPGA Pin ; Steady State Vol at FPGA Pin ; Voh Max at FPGA Pin ; Vol Min at FPGA Pin ; Ringback Voltage on Rise at FPGA Pin ; Ringback Voltage on Fall at FPGA Pin ; 10-90 Rise Time at FPGA Pin ; 90-10 Fall Time at FPGA Pin ; Monotonic Rise at FPGA Pin ; Monotonic Fall at FPGA Pin ; Steady State Voh at Far-end ; Steady State Vol at Far-end ; Voh Max at Far-end ; Vol Min at Far-end ; Ringback Voltage on Rise at Far-end ; Ringback Voltage on Fall at Far-end ; 10-90 Rise Time at Far-end ; 90-10 Fall Time at Far-end ; Monotonic Rise at Far-end ; Monotonic Fall at Far-end ;
+--------------+--------------+---------------------+---------------------+------------------------------+------------------------------+---------------------+---------------------+--------------------------------------+--------------------------------------+-----------------------------+-----------------------------+----------------------------+----------------------------+-----------------------------+-----------------------------+--------------------+--------------------+-------------------------------------+-------------------------------------+----------------------------+----------------------------+---------------------------+---------------------------+
; CLK_OUTPUT   ; 2.5 V        ; 0 s                 ; 0 s                 ; 2.32 V                       ; 1.17e-08 V                   ; 2.42 V              ; -0.0619 V           ; 0.272 V                              ; 0.096 V                              ; 2.93e-10 s                  ; 3.92e-10 s                  ; No                         ; Yes                        ; 2.32 V                      ; 1.17e-08 V                  ; 2.42 V             ; -0.0619 V          ; 0.272 V                             ; 0.096 V                             ; 2.93e-10 s                 ; 3.92e-10 s                 ; No                        ; Yes                       ;
; A            ; 2.5 V        ; 0 s                 ; 0 s                 ; 2.32 V                       ; 1.17e-08 V                   ; 2.41 V              ; -0.055 V            ; 0.153 V                              ; 0.113 V                              ; 4.49e-10 s                  ; 4.13e-10 s                  ; No                         ; Yes                        ; 2.32 V                      ; 1.17e-08 V                  ; 2.41 V             ; -0.055 V           ; 0.153 V                             ; 0.113 V                             ; 4.49e-10 s                 ; 4.13e-10 s                 ; No                        ; Yes                       ;
; B            ; 2.5 V        ; 0 s                 ; 0 s                 ; 2.32 V                       ; 1.17e-08 V                   ; 2.41 V              ; -0.055 V            ; 0.154 V                              ; 0.113 V                              ; 4.49e-10 s                  ; 4.14e-10 s                  ; No                         ; Yes                        ; 2.32 V                      ; 1.17e-08 V                  ; 2.41 V             ; -0.055 V           ; 0.154 V                             ; 0.113 V                             ; 4.49e-10 s                 ; 4.14e-10 s                 ; No                        ; Yes                       ;
; C            ; 2.5 V        ; 0 s                 ; 0 s                 ; 2.32 V                       ; 1.17e-08 V                   ; 2.41 V              ; -0.055 V            ; 0.153 V                              ; 0.113 V                              ; 4.49e-10 s                  ; 4.13e-10 s                  ; No                         ; Yes                        ; 2.32 V                      ; 1.17e-08 V                  ; 2.41 V             ; -0.055 V           ; 0.153 V                             ; 0.113 V                             ; 4.49e-10 s                 ; 4.13e-10 s                 ; No                        ; Yes                       ;
; D            ; 2.5 V        ; 0 s                 ; 0 s                 ; 2.32 V                       ; 1.17e-08 V                   ; 2.41 V              ; -0.055 V            ; 0.154 V                              ; 0.113 V                              ; 4.49e-10 s                  ; 4.14e-10 s                  ; No                         ; Yes                        ; 2.32 V                      ; 1.17e-08 V                  ; 2.41 V             ; -0.055 V           ; 0.154 V                             ; 0.113 V                             ; 4.49e-10 s                 ; 4.14e-10 s                 ; No                        ; Yes                       ;
; ~ALTERA_TDO~ ; 2.5 V        ; 0 s                 ; 0 s                 ; 2.32 V                       ; 1.97e-08 V                   ; 2.4 V               ; -0.023 V            ; 0.201 V                              ; 0.081 V                              ; 4.59e-10 s                  ; 5.51e-10 s                  ; No                         ; Yes                        ; 2.32 V                      ; 1.97e-08 V                  ; 2.4 V              ; -0.023 V           ; 0.201 V                             ; 0.081 V                             ; 4.59e-10 s                 ; 5.51e-10 s                 ; No                        ; Yes                       ;
+--------------+--------------+---------------------+---------------------+------------------------------+------------------------------+---------------------+---------------------+--------------------------------------+--------------------------------------+-----------------------------+-----------------------------+----------------------------+----------------------------+-----------------------------+-----------------------------+--------------------+--------------------+-------------------------------------+-------------------------------------+----------------------------+----------------------------+---------------------------+---------------------------+


+-------------------------------------------------------------------------------------------------------------------------------------------------------------------------------------------------------------------------------------------------------------------------------------------------------------------------------------------------------------------------------------------------------------------------------------------------------------------------------------------------------------------------------------------------------------------------------------------------------------------------------------------------------------------------------------------+
; Signal Integrity Metrics (Slow 1200mv 85c Model)                                                                                                                                                                                                                                                                                                                                                                                                                                                                                                                                                                                                                                          ;
+--------------+--------------+---------------------+---------------------+------------------------------+------------------------------+---------------------+---------------------+--------------------------------------+--------------------------------------+-----------------------------+-----------------------------+----------------------------+----------------------------+-----------------------------+-----------------------------+--------------------+--------------------+-------------------------------------+-------------------------------------+----------------------------+----------------------------+---------------------------+---------------------------+
; Pin          ; I/O Standard ; Board Delay on Rise ; Board Delay on Fall ; Steady State Voh at FPGA Pin ; Steady State Vol at FPGA Pin ; Voh Max at FPGA Pin ; Vol Min at FPGA Pin ; Ringback Voltage on Rise at FPGA Pin ; Ringback Voltage on Fall at FPGA Pin ; 10-90 Rise Time at FPGA Pin ; 90-10 Fall Time at FPGA Pin ; Monotonic Rise at FPGA Pin ; Monotonic Fall at FPGA Pin ; Steady State Voh at Far-end ; Steady State Vol at Far-end ; Voh Max at Far-end ; Vol Min at Far-end ; Ringback Voltage on Rise at Far-end ; Ringback Voltage on Fall at Far-end ; 10-90 Rise Time at Far-end ; 90-10 Fall Time at Far-end ; Monotonic Rise at Far-end ; Monotonic Fall at Far-end ;
+--------------+--------------+---------------------+---------------------+------------------------------+------------------------------+---------------------+---------------------+--------------------------------------+--------------------------------------+-----------------------------+-----------------------------+----------------------------+----------------------------+-----------------------------+-----------------------------+--------------------+--------------------+-------------------------------------+-------------------------------------+----------------------------+----------------------------+---------------------------+---------------------------+
; CLK_OUTPUT   ; 2.5 V        ; 0 s                 ; 0 s                 ; 2.32 V                       ; 1.79e-06 V                   ; 2.38 V              ; -0.0389 V           ; 0.145 V                              ; 0.139 V                              ; 4.54e-10 s                  ; 4.3e-10 s                   ; No                         ; Yes                        ; 2.32 V                      ; 1.79e-06 V                  ; 2.38 V             ; -0.0389 V          ; 0.145 V                             ; 0.139 V                             ; 4.54e-10 s                 ; 4.3e-10 s                  ; No                        ; Yes                       ;
; A            ; 2.5 V        ; 0 s                 ; 0 s                 ; 2.32 V                       ; 1.79e-06 V                   ; 2.38 V              ; -0.036 V            ; 0.183 V                              ; 0.07 V                               ; 4.76e-10 s                  ; 4.7e-10 s                   ; Yes                        ; Yes                        ; 2.32 V                      ; 1.79e-06 V                  ; 2.38 V             ; -0.036 V           ; 0.183 V                             ; 0.07 V                              ; 4.76e-10 s                 ; 4.7e-10 s                  ; Yes                       ; Yes                       ;
; B            ; 2.5 V        ; 0 s                 ; 0 s                 ; 2.32 V                       ; 1.79e-06 V                   ; 2.38 V              ; -0.0362 V           ; 0.184 V                              ; 0.2 V                                ; 4.76e-10 s                  ; 4.71e-10 s                  ; Yes                        ; Yes                        ; 2.32 V                      ; 1.79e-06 V                  ; 2.38 V             ; -0.0362 V          ; 0.184 V                             ; 0.2 V                               ; 4.76e-10 s                 ; 4.71e-10 s                 ; Yes                       ; Yes                       ;
; C            ; 2.5 V        ; 0 s                 ; 0 s                 ; 2.32 V                       ; 1.79e-06 V                   ; 2.38 V              ; -0.036 V            ; 0.183 V                              ; 0.07 V                               ; 4.76e-10 s                  ; 4.7e-10 s                   ; Yes                        ; Yes                        ; 2.32 V                      ; 1.79e-06 V                  ; 2.38 V             ; -0.036 V           ; 0.183 V                             ; 0.07 V                              ; 4.76e-10 s                 ; 4.7e-10 s                  ; Yes                       ; Yes                       ;
; D            ; 2.5 V        ; 0 s                 ; 0 s                 ; 2.32 V                       ; 1.79e-06 V                   ; 2.38 V              ; -0.0362 V           ; 0.184 V                              ; 0.2 V                                ; 4.76e-10 s                  ; 4.71e-10 s                  ; Yes                        ; Yes                        ; 2.32 V                      ; 1.79e-06 V                  ; 2.38 V             ; -0.0362 V          ; 0.184 V                             ; 0.2 V                               ; 4.76e-10 s                 ; 4.71e-10 s                 ; Yes                       ; Yes                       ;
; ~ALTERA_TDO~ ; 2.5 V        ; 0 s                 ; 0 s                 ; 2.32 V                       ; 3.04e-06 V                   ; 2.37 V              ; -0.0108 V           ; 0.13 V                               ; 0.066 V                              ; 6.32e-10 s                  ; 6.45e-10 s                  ; No                         ; Yes                        ; 2.32 V                      ; 3.04e-06 V                  ; 2.37 V             ; -0.0108 V          ; 0.13 V                              ; 0.066 V                             ; 6.32e-10 s                 ; 6.45e-10 s                 ; No                        ; Yes                       ;
+--------------+--------------+---------------------+---------------------+------------------------------+------------------------------+---------------------+---------------------+--------------------------------------+--------------------------------------+-----------------------------+-----------------------------+----------------------------+----------------------------+-----------------------------+-----------------------------+--------------------+--------------------+-------------------------------------+-------------------------------------+----------------------------+----------------------------+---------------------------+---------------------------+


+-------------------------------------------------------------------------------------------------------------------------------------------------------------------------------------------------------------------------------------------------------------------------------------------------------------------------------------------------------------------------------------------------------------------------------------------------------------------------------------------------------------------------------------------------------------------------------------------------------------------------------------------------------------------------------------------+
; Signal Integrity Metrics (Fast 1200mv 0c Model)                                                                                                                                                                                                                                                                                                                                                                                                                                                                                                                                                                                                                                           ;
+--------------+--------------+---------------------+---------------------+------------------------------+------------------------------+---------------------+---------------------+--------------------------------------+--------------------------------------+-----------------------------+-----------------------------+----------------------------+----------------------------+-----------------------------+-----------------------------+--------------------+--------------------+-------------------------------------+-------------------------------------+----------------------------+----------------------------+---------------------------+---------------------------+
; Pin          ; I/O Standard ; Board Delay on Rise ; Board Delay on Fall ; Steady State Voh at FPGA Pin ; Steady State Vol at FPGA Pin ; Voh Max at FPGA Pin ; Vol Min at FPGA Pin ; Ringback Voltage on Rise at FPGA Pin ; Ringback Voltage on Fall at FPGA Pin ; 10-90 Rise Time at FPGA Pin ; 90-10 Fall Time at FPGA Pin ; Monotonic Rise at FPGA Pin ; Monotonic Fall at FPGA Pin ; Steady State Voh at Far-end ; Steady State Vol at Far-end ; Voh Max at Far-end ; Vol Min at Far-end ; Ringback Voltage on Rise at Far-end ; Ringback Voltage on Fall at Far-end ; 10-90 Rise Time at Far-end ; 90-10 Fall Time at Far-end ; Monotonic Rise at Far-end ; Monotonic Fall at Far-end ;
+--------------+--------------+---------------------+---------------------+------------------------------+------------------------------+---------------------+---------------------+--------------------------------------+--------------------------------------+-----------------------------+-----------------------------+----------------------------+----------------------------+-----------------------------+-----------------------------+--------------------+--------------------+-------------------------------------+-------------------------------------+----------------------------+----------------------------+---------------------------+---------------------------+
; CLK_OUTPUT   ; 2.5 V        ; 0 s                 ; 0 s                 ; 2.62 V                       ; 9.95e-08 V                   ; 2.78 V              ; -0.0452 V           ; 0.248 V                              ; 0.108 V                              ; 2.67e-10 s                  ; 2.75e-10 s                  ; No                         ; Yes                        ; 2.62 V                      ; 9.95e-08 V                  ; 2.78 V             ; -0.0452 V          ; 0.248 V                             ; 0.108 V                             ; 2.67e-10 s                 ; 2.75e-10 s                 ; No                        ; Yes                       ;
; A            ; 2.5 V        ; 0 s                 ; 0 s                 ; 2.62 V                       ; 9.95e-08 V                   ; 2.77 V              ; -0.0486 V           ; 0.285 V                              ; 0.06 V                               ; 2.8e-10 s                   ; 3.04e-10 s                  ; No                         ; Yes                        ; 2.62 V                      ; 9.95e-08 V                  ; 2.77 V             ; -0.0486 V          ; 0.285 V                             ; 0.06 V                              ; 2.8e-10 s                  ; 3.04e-10 s                 ; No                        ; Yes                       ;
; B            ; 2.5 V        ; 0 s                 ; 0 s                 ; 2.62 V                       ; 9.94e-08 V                   ; 2.77 V              ; -0.0485 V           ; 0.289 V                              ; 0.058 V                              ; 2.81e-10 s                  ; 3.04e-10 s                  ; No                         ; Yes                        ; 2.62 V                      ; 9.94e-08 V                  ; 2.77 V             ; -0.0485 V          ; 0.289 V                             ; 0.058 V                             ; 2.81e-10 s                 ; 3.04e-10 s                 ; No                        ; Yes                       ;
; C            ; 2.5 V        ; 0 s                 ; 0 s                 ; 2.62 V                       ; 9.95e-08 V                   ; 2.77 V              ; -0.0486 V           ; 0.285 V                              ; 0.06 V                               ; 2.8e-10 s                   ; 3.04e-10 s                  ; No                         ; Yes                        ; 2.62 V                      ; 9.95e-08 V                  ; 2.77 V             ; -0.0486 V          ; 0.285 V                             ; 0.06 V                              ; 2.8e-10 s                  ; 3.04e-10 s                 ; No                        ; Yes                       ;
; D            ; 2.5 V        ; 0 s                 ; 0 s                 ; 2.62 V                       ; 9.94e-08 V                   ; 2.77 V              ; -0.0485 V           ; 0.289 V                              ; 0.058 V                              ; 2.81e-10 s                  ; 3.04e-10 s                  ; No                         ; Yes                        ; 2.62 V                      ; 9.94e-08 V                  ; 2.77 V             ; -0.0485 V          ; 0.289 V                             ; 0.058 V                             ; 2.81e-10 s                 ; 3.04e-10 s                 ; No                        ; Yes                       ;
; ~ALTERA_TDO~ ; 2.5 V        ; 0 s                 ; 0 s                 ; 2.62 V                       ; 1.68e-07 V                   ; 2.73 V              ; -0.0395 V           ; 0.361 V                              ; 0.109 V                              ; 3.1e-10 s                   ; 4.41e-10 s                  ; No                         ; Yes                        ; 2.62 V                      ; 1.68e-07 V                  ; 2.73 V             ; -0.0395 V          ; 0.361 V                             ; 0.109 V                             ; 3.1e-10 s                  ; 4.41e-10 s                 ; No                        ; Yes                       ;
+--------------+--------------+---------------------+---------------------+------------------------------+------------------------------+---------------------+---------------------+--------------------------------------+--------------------------------------+-----------------------------+-----------------------------+----------------------------+----------------------------+-----------------------------+-----------------------------+--------------------+--------------------+-------------------------------------+-------------------------------------+----------------------------+----------------------------+---------------------------+---------------------------+


+---------------------------------------------------------------------------+
; Setup Transfers                                                           ;
+---------------+---------------+----------+----------+----------+----------+
; From Clock    ; To Clock      ; RR Paths ; FR Paths ; RF Paths ; FF Paths ;
+---------------+---------------+----------+----------+----------+----------+
; 7456:inst3|5  ; 7456:inst3|5  ; 0        ; 0        ; 0        ; 7        ;
; 7456:inst3|16 ; 7456:inst3|5  ; 0        ; 0        ; 1        ; 1        ;
; 7456:inst3|16 ; 7456:inst3|16 ; 0        ; 0        ; 0        ; 5        ;
; 7456:inst4|5  ; 7456:inst3|16 ; 0        ; 0        ; 1        ; 1        ;
; 7456:inst4|5  ; 7456:inst4|5  ; 0        ; 0        ; 0        ; 7        ;
; 7456:inst4|16 ; 7456:inst4|5  ; 0        ; 0        ; 1        ; 1        ;
; 7456:inst4|16 ; 7456:inst4|16 ; 0        ; 0        ; 0        ; 7        ;
; 7456:inst5|16 ; 7456:inst4|16 ; 0        ; 0        ; 1        ; 1        ;
; 7456:inst5|16 ; 7456:inst5|16 ; 32       ; 0        ; 0        ; 0        ;
; 7456:inst|5   ; 7456:inst|5   ; 0        ; 0        ; 0        ; 7        ;
; 7456:inst|16  ; 7456:inst|5   ; 0        ; 0        ; 1        ; 1        ;
; 7456:inst3|5  ; 7456:inst|16  ; 0        ; 0        ; 1        ; 1        ;
; 7456:inst|16  ; 7456:inst|16  ; 0        ; 0        ; 0        ; 5        ;
; 7456:inst|5   ; CLK_INPUT     ; 0        ; 0        ; 1        ; 1        ;
; CLK_INPUT     ; CLK_INPUT     ; 0        ; 0        ; 0        ; 5        ;
+---------------+---------------+----------+----------+----------+----------+
Entries labeled "false path" only account for clock-to-clock false paths and not path-based false paths. As a result, actual path counts may be lower than reported.


+---------------------------------------------------------------------------+
; Hold Transfers                                                            ;
+---------------+---------------+----------+----------+----------+----------+
; From Clock    ; To Clock      ; RR Paths ; FR Paths ; RF Paths ; FF Paths ;
+---------------+---------------+----------+----------+----------+----------+
; 7456:inst3|5  ; 7456:inst3|5  ; 0        ; 0        ; 0        ; 7        ;
; 7456:inst3|16 ; 7456:inst3|5  ; 0        ; 0        ; 1        ; 1        ;
; 7456:inst3|16 ; 7456:inst3|16 ; 0        ; 0        ; 0        ; 5        ;
; 7456:inst4|5  ; 7456:inst3|16 ; 0        ; 0        ; 1        ; 1        ;
; 7456:inst4|5  ; 7456:inst4|5  ; 0        ; 0        ; 0        ; 7        ;
; 7456:inst4|16 ; 7456:inst4|5  ; 0        ; 0        ; 1        ; 1        ;
; 7456:inst4|16 ; 7456:inst4|16 ; 0        ; 0        ; 0        ; 7        ;
; 7456:inst5|16 ; 7456:inst4|16 ; 0        ; 0        ; 1        ; 1        ;
; 7456:inst5|16 ; 7456:inst5|16 ; 32       ; 0        ; 0        ; 0        ;
; 7456:inst|5   ; 7456:inst|5   ; 0        ; 0        ; 0        ; 7        ;
; 7456:inst|16  ; 7456:inst|5   ; 0        ; 0        ; 1        ; 1        ;
; 7456:inst3|5  ; 7456:inst|16  ; 0        ; 0        ; 1        ; 1        ;
; 7456:inst|16  ; 7456:inst|16  ; 0        ; 0        ; 0        ; 5        ;
; 7456:inst|5   ; CLK_INPUT     ; 0        ; 0        ; 1        ; 1        ;
; CLK_INPUT     ; CLK_INPUT     ; 0        ; 0        ; 0        ; 5        ;
+---------------+---------------+----------+----------+----------+----------+
Entries labeled "false path" only account for clock-to-clock false paths and not path-based false paths. As a result, actual path counts may be lower than reported.


---------------
; Report TCCS ;
---------------
No dedicated SERDES Transmitter circuitry present in device or used in design


---------------
; Report RSKM ;
---------------
No non-DPA dedicated SERDES Receiver circuitry present in device or used in design


+------------------------------------------------+
; Unconstrained Paths Summary                    ;
+---------------------------------+-------+------+
; Property                        ; Setup ; Hold ;
+---------------------------------+-------+------+
; Illegal Clocks                  ; 0     ; 0    ;
; Unconstrained Clocks            ; 0     ; 0    ;
; Unconstrained Input Ports       ; 4     ; 4    ;
; Unconstrained Input Port Paths  ; 36    ; 36   ;
; Unconstrained Output Ports      ; 5     ; 5    ;
; Unconstrained Output Port Paths ; 17    ; 17   ;
+---------------------------------+-------+------+


+----------------------------------------------------+
; Clock Status Summary                               ;
+---------------+---------------+------+-------------+
; Target        ; Clock         ; Type ; Status      ;
+---------------+---------------+------+-------------+
; 7456:inst3|5  ; 7456:inst3|5  ; Base ; Constrained ;
; 7456:inst3|16 ; 7456:inst3|16 ; Base ; Constrained ;
; 7456:inst4|5  ; 7456:inst4|5  ; Base ; Constrained ;
; 7456:inst4|16 ; 7456:inst4|16 ; Base ; Constrained ;
; 7456:inst5|16 ; 7456:inst5|16 ; Base ; Constrained ;
; 7456:inst|5   ; 7456:inst|5   ; Base ; Constrained ;
; 7456:inst|16  ; 7456:inst|16  ; Base ; Constrained ;
; CLK_INPUT     ; CLK_INPUT     ; Base ; Constrained ;
+---------------+---------------+------+-------------+


+---------------------------------------------------------------------------------------------------+
; Unconstrained Input Ports                                                                         ;
+------------+--------------------------------------------------------------------------------------+
; Input Port ; Comment                                                                              ;
+------------+--------------------------------------------------------------------------------------+
; Enable     ; No input delay, min/max delays, false-path exceptions, or max skew assignments found ;
; Half_Full  ; No input delay, min/max delays, false-path exceptions, or max skew assignments found ;
; Reset      ; No input delay, min/max delays, false-path exceptions, or max skew assignments found ;
; Up_Down    ; No input delay, min/max delays, false-path exceptions, or max skew assignments found ;
+------------+--------------------------------------------------------------------------------------+


+-----------------------------------------------------------------------------------------------------+
; Unconstrained Output Ports                                                                          ;
+-------------+---------------------------------------------------------------------------------------+
; Output Port ; Comment                                                                               ;
+-------------+---------------------------------------------------------------------------------------+
; A           ; No output delay, min/max delays, false-path exceptions, or max skew assignments found ;
; B           ; No output delay, min/max delays, false-path exceptions, or max skew assignments found ;
; C           ; No output delay, min/max delays, false-path exceptions, or max skew assignments found ;
; CLK_OUTPUT  ; No output delay, min/max delays, false-path exceptions, or max skew assignments found ;
; D           ; No output delay, min/max delays, false-path exceptions, or max skew assignments found ;
+-------------+---------------------------------------------------------------------------------------+


+---------------------------------------------------------------------------------------------------+
; Unconstrained Input Ports                                                                         ;
+------------+--------------------------------------------------------------------------------------+
; Input Port ; Comment                                                                              ;
+------------+--------------------------------------------------------------------------------------+
; Enable     ; No input delay, min/max delays, false-path exceptions, or max skew assignments found ;
; Half_Full  ; No input delay, min/max delays, false-path exceptions, or max skew assignments found ;
; Reset      ; No input delay, min/max delays, false-path exceptions, or max skew assignments found ;
; Up_Down    ; No input delay, min/max delays, false-path exceptions, or max skew assignments found ;
+------------+--------------------------------------------------------------------------------------+


+-----------------------------------------------------------------------------------------------------+
; Unconstrained Output Ports                                                                          ;
+-------------+---------------------------------------------------------------------------------------+
; Output Port ; Comment                                                                               ;
+-------------+---------------------------------------------------------------------------------------+
; A           ; No output delay, min/max delays, false-path exceptions, or max skew assignments found ;
; B           ; No output delay, min/max delays, false-path exceptions, or max skew assignments found ;
; C           ; No output delay, min/max delays, false-path exceptions, or max skew assignments found ;
; CLK_OUTPUT  ; No output delay, min/max delays, false-path exceptions, or max skew assignments found ;
; D           ; No output delay, min/max delays, false-path exceptions, or max skew assignments found ;
+-------------+---------------------------------------------------------------------------------------+


+--------------------------+
; Timing Analyzer Messages ;
+--------------------------+
Info: *******************************************************************
Info: Running Quartus Prime Timing Analyzer
    Info: Version 18.1.0 Build 625 09/12/2018 SJ Lite Edition
    Info: Processing started: Sat Mar 06 19:33:32 2021
Info: Command: quartus_sta M_PasoAPaso -c M_PasoAPaso
Info: qsta_default_script.tcl version: #1
Warning (18236): Number of processors has not been specified which may cause overloading on shared machines.  Set the global assignment NUM_PARALLEL_PROCESSORS in your QSF to an appropriate value for best performance.
Info (20030): Parallel compilation is enabled and will use 6 of the 6 processors detected
Info (21077): Low junction temperature is 0 degrees C
Info (21077): High junction temperature is 85 degrees C
Critical Warning (332012): Synopsys Design Constraints File file not found: 'M_PasoAPaso.sdc'. A Synopsys Design Constraints File is required by the Timing Analyzer to get proper timing constraints. Without it, the Compiler will not properly optimize the design.
Info (332142): No user constrained base clocks found in the design. Calling "derive_clocks -period 1.0"
Info (332105): Deriving Clocks
    Info (332105): create_clock -period 1.000 -name 7456:inst4|16 7456:inst4|16
    Info (332105): create_clock -period 1.000 -name 7456:inst4|5 7456:inst4|5
    Info (332105): create_clock -period 1.000 -name 7456:inst3|16 7456:inst3|16
    Info (332105): create_clock -period 1.000 -name 7456:inst3|5 7456:inst3|5
    Info (332105): create_clock -period 1.000 -name 7456:inst|16 7456:inst|16
    Info (332105): create_clock -period 1.000 -name 7456:inst|5 7456:inst|5
    Info (332105): create_clock -period 1.000 -name CLK_INPUT CLK_INPUT
    Info (332105): create_clock -period 1.000 -name 7456:inst5|16 7456:inst5|16
Info (332143): No user constrained clock uncertainty found in the design. Calling "derive_clock_uncertainty"
Info (332123): Deriving Clock Uncertainty. Please refer to report_sdc in the Timing Analyzer to see clock uncertainties.
Info: Found TIMING_ANALYZER_REPORT_SCRIPT_INCLUDE_DEFAULT_ANALYSIS = ON
Info: Analyzing Slow 1200mV 85C Model
Info: Can't run Report Timing Closure Recommendations. The current device family is not supported.
Critical Warning (332148): Timing requirements not met
Info (332146): Worst-case setup slack is -1.590
    Info (332119):     Slack       End Point TNS Clock 
    Info (332119): ========= =================== =====================
    Info (332119):    -1.590              -1.590 CLK_INPUT 
    Info (332119):    -0.855              -1.048 7456:inst|16 
    Info (332119):    -0.799              -0.799 7456:inst3|16 
    Info (332119):    -0.794              -0.822 7456:inst4|5 
    Info (332119):    -0.793              -0.793 7456:inst3|5 
    Info (332119):    -0.784              -3.567 7456:inst5|16 
    Info (332119):    -0.779              -0.806 7456:inst|5 
    Info (332119):    -0.727              -0.861 7456:inst4|16 
Info (332146): Worst-case hold slack is 0.308
    Info (332119):     Slack       End Point TNS Clock 
    Info (332119): ========= =================== =====================
    Info (332119):     0.308               0.000 7456:inst|16 
    Info (332119):     0.323               0.000 7456:inst4|5 
    Info (332119):     0.324               0.000 7456:inst|5 
    Info (332119):     0.325               0.000 7456:inst3|5 
    Info (332119):     0.330               0.000 7456:inst4|16 
    Info (332119):     0.330               0.000 7456:inst5|16 
    Info (332119):     0.330               0.000 CLK_INPUT 
    Info (332119):     0.331               0.000 7456:inst3|16 
Info (332140): No Recovery paths to report
Info (332140): No Removal paths to report
Info (332146): Worst-case minimum pulse width slack is -3.000
    Info (332119):     Slack       End Point TNS Clock 
    Info (332119): ========= =================== =====================
    Info (332119):    -3.000              -6.666 CLK_INPUT 
    Info (332119):    -1.222              -9.776 7456:inst5|16 
    Info (332119):    -1.222              -4.888 7456:inst3|5 
    Info (332119):    -1.222              -4.888 7456:inst4|16 
    Info (332119):    -1.222              -4.888 7456:inst4|5 
    Info (332119):    -1.222              -4.888 7456:inst|5 
    Info (332119):    -1.222              -3.666 7456:inst3|16 
    Info (332119):    -1.222              -3.666 7456:inst|16 
Info: Analyzing Slow 1200mV 0C Model
Info (334003): Started post-fitting delay annotation
Warning (334000): Timing characteristics of device 10M50DAF484C6GES are preliminary
Info (334004): Delay annotation completed successfully
Info (332123): Deriving Clock Uncertainty. Please refer to report_sdc in the Timing Analyzer to see clock uncertainties.
Critical Warning (332148): Timing requirements not met
Info (332146): Worst-case setup slack is -1.415
    Info (332119):     Slack       End Point TNS Clock 
    Info (332119): ========= =================== =====================
    Info (332119):    -1.415              -1.415 CLK_INPUT 
    Info (332119):    -0.759              -0.841 7456:inst|16 
    Info (332119):    -0.699              -0.699 7456:inst4|16 
    Info (332119):    -0.696              -0.696 7456:inst|5 
    Info (332119):    -0.670              -0.670 7456:inst3|16 
    Info (332119):    -0.654              -0.654 7456:inst3|5 
    Info (332119):    -0.650              -0.650 7456:inst4|5 
    Info (332119):    -0.615              -2.548 7456:inst5|16 
Info (332146): Worst-case hold slack is 0.278
    Info (332119):     Slack       End Point TNS Clock 
    Info (332119): ========= =================== =====================
    Info (332119):     0.278               0.000 7456:inst|16 
    Info (332119):     0.292               0.000 7456:inst4|5 
    Info (332119):     0.293               0.000 7456:inst|5 
    Info (332119):     0.294               0.000 7456:inst3|5 
    Info (332119):     0.299               0.000 7456:inst3|16 
    Info (332119):     0.299               0.000 7456:inst4|16 
    Info (332119):     0.299               0.000 7456:inst5|16 
    Info (332119):     0.299               0.000 CLK_INPUT 
Info (332140): No Recovery paths to report
Info (332140): No Removal paths to report
Info (332146): Worst-case minimum pulse width slack is -3.000
    Info (332119):     Slack       End Point TNS Clock 
    Info (332119): ========= =================== =====================
    Info (332119):    -3.000              -6.666 CLK_INPUT 
    Info (332119):    -1.222              -9.776 7456:inst5|16 
    Info (332119):    -1.222              -4.888 7456:inst3|5 
    Info (332119):    -1.222              -4.888 7456:inst4|16 
    Info (332119):    -1.222              -4.888 7456:inst4|5 
    Info (332119):    -1.222              -4.888 7456:inst|5 
    Info (332119):    -1.222              -3.666 7456:inst3|16 
    Info (332119):    -1.222              -3.666 7456:inst|16 
Info: Analyzing Fast 1200mV 0C Model
Info (332123): Deriving Clock Uncertainty. Please refer to report_sdc in the Timing Analyzer to see clock uncertainties.
Critical Warning (332148): Timing requirements not met
Info (332146): Worst-case setup slack is -0.182
    Info (332119):     Slack       End Point TNS Clock 
    Info (332119): ========= =================== =====================
    Info (332119):    -0.182              -0.182 CLK_INPUT 
    Info (332119):    -0.058              -0.058 7456:inst|16 
    Info (332119):     0.003               0.000 7456:inst|5 
    Info (332119):     0.008               0.000 7456:inst3|16 
    Info (332119):     0.022               0.000 7456:inst4|16 
    Info (332119):     0.050               0.000 7456:inst4|5 
    Info (332119):     0.065               0.000 7456:inst3|5 
    Info (332119):     0.135               0.000 7456:inst5|16 
Info (332146): Worst-case hold slack is 0.121
    Info (332119):     Slack       End Point TNS Clock 
    Info (332119): ========= =================== =====================
    Info (332119):     0.121               0.000 7456:inst|16 
    Info (332119):     0.145               0.000 7456:inst4|5 
    Info (332119):     0.146               0.000 7456:inst|5 
    Info (332119):     0.147               0.000 7456:inst3|5 
    Info (332119):     0.151               0.000 7456:inst3|16 
    Info (332119):     0.151               0.000 7456:inst4|16 
    Info (332119):     0.151               0.000 7456:inst5|16 
    Info (332119):     0.151               0.000 CLK_INPUT 
Info (332140): No Recovery paths to report
Info (332140): No Removal paths to report
Info (332146): Worst-case minimum pulse width slack is -3.000
    Info (332119):     Slack       End Point TNS Clock 
    Info (332119): ========= =================== =====================
    Info (332119):    -3.000              -6.165 CLK_INPUT 
    Info (332119):    -1.000              -8.000 7456:inst5|16 
    Info (332119):    -1.000              -4.000 7456:inst3|5 
    Info (332119):    -1.000              -4.000 7456:inst4|16 
    Info (332119):    -1.000              -4.000 7456:inst4|5 
    Info (332119):    -1.000              -4.000 7456:inst|5 
    Info (332119):    -1.000              -3.000 7456:inst3|16 
    Info (332119):    -1.000              -3.000 7456:inst|16 
Info (332102): Design is not fully constrained for setup requirements
Info (332102): Design is not fully constrained for hold requirements
Info: Quartus Prime Timing Analyzer was successful. 0 errors, 6 warnings
    Info: Peak virtual memory: 4840 megabytes
    Info: Processing ended: Sat Mar 06 19:33:34 2021
    Info: Elapsed time: 00:00:02
    Info: Total CPU time (on all processors): 00:00:02


