Analysis & Synthesis report for AntiRebotes
Thu Mar 11 18:20:53 2021
Quartus Prime Version 18.1.0 Build 625 09/12/2018 SJ Lite Edition


---------------------
; Table of Contents ;
---------------------
  1. Legal Notice
  2. Analysis & Synthesis Summary
  3. Analysis & Synthesis Settings
  4. Parallel Compilation
  5. Analysis & Synthesis Source Files Read
  6. Analysis & Synthesis Resource Usage Summary
  7. Analysis & Synthesis Resource Utilization by Entity
  8. State Machine - |EjemploKeys|AntiRebotes:inst999|SM1:inst10|fstate
  9. General Register Statistics
 10. Parameter Settings for User Entity Instance: 74191:inst2
 11. Parameter Settings for User Entity Instance: AntiRebotes:inst999|LPM_COUNTER:inst1
 12. Parameter Settings for User Entity Instance: 74191:inst33
 13. Post-Synthesis Netlist Statistics for Top Partition
 14. Elapsed Time Per Partition
 15. Analysis & Synthesis Messages



----------------
; Legal Notice ;
----------------
Copyright (C) 2018  Intel Corporation. All rights reserved.
Your use of Intel Corporation's design tools, logic functions 
and other software and tools, and its AMPP partner logic 
functions, and any output files from any of the foregoing 
(including device programming or simulation files), and any 
associated documentation or information are expressly subject 
to the terms and conditions of the Intel Program License 
Subscription Agreement, the Intel Quartus Prime License Agreement,
the Intel FPGA IP License Agreement, or other applicable license
agreement, including, without limitation, that your use is for
the sole purpose of programming logic devices manufactured by
Intel and sold by Intel or its authorized distributors.  Please
refer to the applicable agreement for further details.



+----------------------------------------------------------------------------------+
; Analysis & Synthesis Summary                                                     ;
+------------------------------------+---------------------------------------------+
; Analysis & Synthesis Status        ; Successful - Thu Mar 11 18:20:53 2021       ;
; Quartus Prime Version              ; 18.1.0 Build 625 09/12/2018 SJ Lite Edition ;
; Revision Name                      ; AntiRebotes                                 ;
; Top-level Entity Name              ; EjemploKeys                                 ;
; Family                             ; MAX 10                                      ;
; Total logic elements               ; 54                                          ;
;     Total combinational functions  ; 52                                          ;
;     Dedicated logic registers      ; 26                                          ;
; Total registers                    ; 26                                          ;
; Total pins                         ; 17                                          ;
; Total virtual pins                 ; 0                                           ;
; Total memory bits                  ; 0                                           ;
; Embedded Multiplier 9-bit elements ; 0                                           ;
; Total PLLs                         ; 0                                           ;
; UFM blocks                         ; 0                                           ;
; ADC blocks                         ; 0                                           ;
+------------------------------------+---------------------------------------------+


+------------------------------------------------------------------------------------------------------------+
; Analysis & Synthesis Settings                                                                              ;
+------------------------------------------------------------------+--------------------+--------------------+
; Option                                                           ; Setting            ; Default Value      ;
+------------------------------------------------------------------+--------------------+--------------------+
; Device                                                           ; 10M50DAF484C6GES   ;                    ;
; Top-level entity name                                            ; EjemploKeys        ; AntiRebotes        ;
; Family name                                                      ; MAX 10             ; Cyclone V          ;
; Use smart compilation                                            ; Off                ; Off                ;
; Enable parallel Assembler and Timing Analyzer during compilation ; On                 ; On                 ;
; Enable compact report table                                      ; Off                ; Off                ;
; Restructure Multiplexers                                         ; Auto               ; Auto               ;
; Create Debugging Nodes for IP Cores                              ; Off                ; Off                ;
; Preserve fewer node names                                        ; On                 ; On                 ;
; Intel FPGA IP Evaluation Mode                                    ; Enable             ; Enable             ;
; Verilog Version                                                  ; Verilog_2001       ; Verilog_2001       ;
; VHDL Version                                                     ; VHDL_1993          ; VHDL_1993          ;
; State Machine Processing                                         ; Auto               ; Auto               ;
; Safe State Machine                                               ; Off                ; Off                ;
; Extract Verilog State Machines                                   ; On                 ; On                 ;
; Extract VHDL State Machines                                      ; On                 ; On                 ;
; Ignore Verilog initial constructs                                ; Off                ; Off                ;
; Iteration limit for constant Verilog loops                       ; 5000               ; 5000               ;
; Iteration limit for non-constant Verilog loops                   ; 250                ; 250                ;
; Add Pass-Through Logic to Inferred RAMs                          ; On                 ; On                 ;
; Infer RAMs from Raw Logic                                        ; On                 ; On                 ;
; Parallel Synthesis                                               ; On                 ; On                 ;
; DSP Block Balancing                                              ; Auto               ; Auto               ;
; NOT Gate Push-Back                                               ; On                 ; On                 ;
; Power-Up Don't Care                                              ; On                 ; On                 ;
; Remove Redundant Logic Cells                                     ; Off                ; Off                ;
; Remove Duplicate Registers                                       ; On                 ; On                 ;
; Ignore CARRY Buffers                                             ; Off                ; Off                ;
; Ignore CASCADE Buffers                                           ; Off                ; Off                ;
; Ignore GLOBAL Buffers                                            ; Off                ; Off                ;
; Ignore ROW GLOBAL Buffers                                        ; Off                ; Off                ;
; Ignore LCELL Buffers                                             ; Off                ; Off                ;
; Ignore SOFT Buffers                                              ; On                 ; On                 ;
; Limit AHDL Integers to 32 Bits                                   ; Off                ; Off                ;
; Optimization Technique                                           ; Balanced           ; Balanced           ;
; Carry Chain Length                                               ; 70                 ; 70                 ;
; Auto Carry Chains                                                ; On                 ; On                 ;
; Auto Open-Drain Pins                                             ; On                 ; On                 ;
; Perform WYSIWYG Primitive Resynthesis                            ; Off                ; Off                ;
; Auto ROM Replacement                                             ; On                 ; On                 ;
; Auto RAM Replacement                                             ; On                 ; On                 ;
; Auto DSP Block Replacement                                       ; On                 ; On                 ;
; Auto Shift Register Replacement                                  ; Auto               ; Auto               ;
; Allow Shift Register Merging across Hierarchies                  ; Auto               ; Auto               ;
; Auto Clock Enable Replacement                                    ; On                 ; On                 ;
; Strict RAM Replacement                                           ; Off                ; Off                ;
; Allow Synchronous Control Signals                                ; On                 ; On                 ;
; Force Use of Synchronous Clear Signals                           ; Off                ; Off                ;
; Auto RAM Block Balancing                                         ; On                 ; On                 ;
; Auto RAM to Logic Cell Conversion                                ; Off                ; Off                ;
; Auto Resource Sharing                                            ; Off                ; Off                ;
; Allow Any RAM Size For Recognition                               ; Off                ; Off                ;
; Allow Any ROM Size For Recognition                               ; Off                ; Off                ;
; Allow Any Shift Register Size For Recognition                    ; Off                ; Off                ;
; Use LogicLock Constraints during Resource Balancing              ; On                 ; On                 ;
; Ignore translate_off and synthesis_off directives                ; Off                ; Off                ;
; Timing-Driven Synthesis                                          ; On                 ; On                 ;
; Report Parameter Settings                                        ; On                 ; On                 ;
; Report Source Assignments                                        ; On                 ; On                 ;
; Report Connectivity Checks                                       ; On                 ; On                 ;
; Ignore Maximum Fan-Out Assignments                               ; Off                ; Off                ;
; Synchronization Register Chain Length                            ; 2                  ; 2                  ;
; Power Optimization During Synthesis                              ; Normal compilation ; Normal compilation ;
; HDL message level                                                ; Level2             ; Level2             ;
; Suppress Register Optimization Related Messages                  ; Off                ; Off                ;
; Number of Removed Registers Reported in Synthesis Report         ; 5000               ; 5000               ;
; Number of Swept Nodes Reported in Synthesis Report               ; 5000               ; 5000               ;
; Number of Inverted Registers Reported in Synthesis Report        ; 100                ; 100                ;
; Clock MUX Protection                                             ; On                 ; On                 ;
; Auto Gated Clock Conversion                                      ; Off                ; Off                ;
; Block Design Naming                                              ; Auto               ; Auto               ;
; SDC constraint protection                                        ; Off                ; Off                ;
; Synthesis Effort                                                 ; Auto               ; Auto               ;
; Shift Register Replacement - Allow Asynchronous Clear Signal     ; On                 ; On                 ;
; Pre-Mapping Resynthesis Optimization                             ; Off                ; Off                ;
; Analysis & Synthesis Message Level                               ; Medium             ; Medium             ;
; Disable Register Merging Across Hierarchies                      ; Auto               ; Auto               ;
; Resource Aware Inference For Block RAM                           ; On                 ; On                 ;
+------------------------------------------------------------------+--------------------+--------------------+


+------------------------------------------+
; Parallel Compilation                     ;
+----------------------------+-------------+
; Processors                 ; Number      ;
+----------------------------+-------------+
; Number detected on machine ; 12          ;
; Maximum allowed            ; 6           ;
;                            ;             ;
; Average used               ; 1.00        ;
; Maximum used               ; 6           ;
;                            ;             ;
; Usage by Processor         ; % Time Used ;
;     Processor 1            ; 100.0%      ;
;     Processor 2            ;   0.0%      ;
;     Processors 3-6         ;   0.0%      ;
+----------------------------+-------------+


+---------------------------------------------------------------------------------------------------------------------------------------------------------------------------------------------------------+
; Analysis & Synthesis Source Files Read                                                                                                                                                                  ;
+----------------------------------+-----------------+------------------------------------+-----------------------------------------------------------------------------------------------------+---------+
; File Name with User-Entered Path ; Used in Netlist ; File Type                          ; File Name with Absolute Path                                                                        ; Library ;
+----------------------------------+-----------------+------------------------------------+-----------------------------------------------------------------------------------------------------+---------+
; FF_META.bdf                      ; yes             ; User Block Diagram/Schematic File  ; D:/Programas/intelFPGA_lite/Projects_MAX10/Tarea_3/FF_META.bdf                                      ;         ;
; AntiRebotes.bdf                  ; yes             ; User Block Diagram/Schematic File  ; D:/Programas/intelFPGA_lite/Projects_MAX10/Tarea_3/AntiRebotes.bdf                                  ;         ;
; EjemploKeys.bdf                  ; yes             ; User Block Diagram/Schematic File  ; D:/Programas/intelFPGA_lite/Projects_MAX10/Tarea_3/EjemploKeys.bdf                                  ;         ;
; 7447.bdf                         ; yes             ; Megafunction                       ; d:/programas/intelfpga_lite/quartus_ii_18.1/quartus/libraries/others/maxplus2/7447.bdf              ;         ;
; 74191.tdf                        ; yes             ; Megafunction                       ; d:/programas/intelfpga_lite/quartus_ii_18.1/quartus/libraries/others/maxplus2/74191.tdf             ;         ;
; aglobal.inc                      ; yes             ; Megafunction                       ; d:/programas/intelfpga_lite/quartus_ii_18.1/quartus/libraries/megafunctions/aglobal.inc             ;         ;
; f74191.bdf                       ; yes             ; Megafunction                       ; d:/programas/intelfpga_lite/quartus_ii_18.1/quartus/libraries/others/maxplus2/f74191.bdf            ;         ;
; inhb.bdf                         ; yes             ; Megafunction                       ; d:/programas/intelfpga_lite/quartus_ii_18.1/quartus/libraries/others/maxplus2/inhb.bdf              ;         ;
; sm1.vhd                          ; yes             ; Auto-Found VHDL File               ; D:/Programas/intelFPGA_lite/Projects_MAX10/Tarea_3/sm1.vhd                                          ;         ;
; lpm_counter.tdf                  ; yes             ; Megafunction                       ; d:/programas/intelfpga_lite/quartus_ii_18.1/quartus/libraries/megafunctions/lpm_counter.tdf         ;         ;
; lpm_constant.inc                 ; yes             ; Megafunction                       ; d:/programas/intelfpga_lite/quartus_ii_18.1/quartus/libraries/megafunctions/lpm_constant.inc        ;         ;
; lpm_decode.inc                   ; yes             ; Megafunction                       ; d:/programas/intelfpga_lite/quartus_ii_18.1/quartus/libraries/megafunctions/lpm_decode.inc          ;         ;
; lpm_add_sub.inc                  ; yes             ; Megafunction                       ; d:/programas/intelfpga_lite/quartus_ii_18.1/quartus/libraries/megafunctions/lpm_add_sub.inc         ;         ;
; cmpconst.inc                     ; yes             ; Megafunction                       ; d:/programas/intelfpga_lite/quartus_ii_18.1/quartus/libraries/megafunctions/cmpconst.inc            ;         ;
; lpm_compare.inc                  ; yes             ; Megafunction                       ; d:/programas/intelfpga_lite/quartus_ii_18.1/quartus/libraries/megafunctions/lpm_compare.inc         ;         ;
; lpm_counter.inc                  ; yes             ; Megafunction                       ; d:/programas/intelfpga_lite/quartus_ii_18.1/quartus/libraries/megafunctions/lpm_counter.inc         ;         ;
; dffeea.inc                       ; yes             ; Megafunction                       ; d:/programas/intelfpga_lite/quartus_ii_18.1/quartus/libraries/megafunctions/dffeea.inc              ;         ;
; alt_counter_stratix.inc          ; yes             ; Megafunction                       ; d:/programas/intelfpga_lite/quartus_ii_18.1/quartus/libraries/megafunctions/alt_counter_stratix.inc ;         ;
; aglobal181.inc                   ; yes             ; Megafunction                       ; d:/programas/intelfpga_lite/quartus_ii_18.1/quartus/libraries/megafunctions/aglobal181.inc          ;         ;
; db/cntr_rei.tdf                  ; yes             ; Auto-Generated Megafunction        ; D:/Programas/intelFPGA_lite/Projects_MAX10/Tarea_3/db/cntr_rei.tdf                                  ;         ;
; db/cmpr_usb.tdf                  ; yes             ; Auto-Generated Megafunction        ; D:/Programas/intelFPGA_lite/Projects_MAX10/Tarea_3/db/cmpr_usb.tdf                                  ;         ;
+----------------------------------+-----------------+------------------------------------+-----------------------------------------------------------------------------------------------------+---------+


+-----------------------------------------------------------+
; Analysis & Synthesis Resource Usage Summary               ;
+---------------------------------------------+-------------+
; Resource                                    ; Usage       ;
+---------------------------------------------+-------------+
; Estimated Total logic elements              ; 54          ;
;                                             ;             ;
; Total combinational functions               ; 52          ;
; Logic element usage by number of LUT inputs ;             ;
;     -- 4 input functions                    ; 22          ;
;     -- 3 input functions                    ; 13          ;
;     -- <=2 input functions                  ; 17          ;
;                                             ;             ;
; Logic elements by mode                      ;             ;
;     -- normal mode                          ; 41          ;
;     -- arithmetic mode                      ; 11          ;
;                                             ;             ;
; Total registers                             ; 26          ;
;     -- Dedicated logic registers            ; 26          ;
;     -- I/O registers                        ; 0           ;
;                                             ;             ;
; I/O pins                                    ; 17          ;
;                                             ;             ;
; Embedded Multiplier 9-bit elements          ; 0           ;
;                                             ;             ;
; Maximum fan-out node                        ; Clock~input ;
; Maximum fan-out                             ; 18          ;
; Total fan-out                               ; 271         ;
; Average fan-out                             ; 2.42        ;
+---------------------------------------------+-------------+


+------------------------------------------------------------------------------------------------------------------------------------------------------------------------------------------------------------------------------------------------------------------------------------------------------------------+
; Analysis & Synthesis Resource Utilization by Entity                                                                                                                                                                                                                                                              ;
+------------------------------------+---------------------+---------------------------+-------------+------------+--------------+---------+-----------+------+--------------+------------+-------------------------------------------------------------------------------------------+-------------+--------------+
; Compilation Hierarchy Node         ; Combinational ALUTs ; Dedicated Logic Registers ; Memory Bits ; UFM Blocks ; DSP Elements ; DSP 9x9 ; DSP 18x18 ; Pins ; Virtual Pins ; ADC blocks ; Full Hierarchy Name                                                                       ; Entity Name ; Library Name ;
+------------------------------------+---------------------+---------------------------+-------------+------------+--------------+---------+-----------+------+--------------+------------+-------------------------------------------------------------------------------------------+-------------+--------------+
; |EjemploKeys                       ; 52 (1)              ; 26 (0)                    ; 0           ; 0          ; 0            ; 0       ; 0         ; 17   ; 0            ; 0          ; |EjemploKeys                                                                              ; EjemploKeys ; work         ;
;    |74191:inst2|                   ; 3 (0)               ; 4 (0)                     ; 0           ; 0          ; 0            ; 0       ; 0         ; 0    ; 0            ; 0          ; |EjemploKeys|74191:inst2                                                                  ; 74191       ; work         ;
;       |f74191:sub|                 ; 3 (3)               ; 4 (4)                     ; 0           ; 0          ; 0            ; 0       ; 0         ; 0    ; 0            ; 0          ; |EjemploKeys|74191:inst2|f74191:sub                                                       ; f74191      ; work         ;
;    |74191:inst33|                  ; 3 (0)               ; 4 (0)                     ; 0           ; 0          ; 0            ; 0       ; 0         ; 0    ; 0            ; 0          ; |EjemploKeys|74191:inst33                                                                 ; 74191       ; work         ;
;       |f74191:sub|                 ; 3 (3)               ; 4 (4)                     ; 0           ; 0          ; 0            ; 0       ; 0         ; 0    ; 0            ; 0          ; |EjemploKeys|74191:inst33|f74191:sub                                                      ; f74191      ; work         ;
;    |7447:inst4|                    ; 8 (8)               ; 0 (0)                     ; 0           ; 0          ; 0            ; 0       ; 0         ; 0    ; 0            ; 0          ; |EjemploKeys|7447:inst4                                                                   ; 7447        ; work         ;
;    |7447:inst555|                  ; 8 (8)               ; 0 (0)                     ; 0           ; 0          ; 0            ; 0       ; 0         ; 0    ; 0            ; 0          ; |EjemploKeys|7447:inst555                                                                 ; 7447        ; work         ;
;    |AntiRebotes:inst999|           ; 29 (1)              ; 18 (1)                    ; 0           ; 0          ; 0            ; 0       ; 0         ; 0    ; 0            ; 0          ; |EjemploKeys|AntiRebotes:inst999                                                          ; AntiRebotes ; work         ;
;       |FF_META:inst|               ; 0 (0)               ; 2 (2)                     ; 0           ; 0          ; 0            ; 0       ; 0         ; 0    ; 0            ; 0          ; |EjemploKeys|AntiRebotes:inst999|FF_META:inst                                             ; FF_META     ; work         ;
;       |SM1:inst10|                 ; 9 (9)               ; 4 (4)                     ; 0           ; 0          ; 0            ; 0       ; 0         ; 0    ; 0            ; 0          ; |EjemploKeys|AntiRebotes:inst999|SM1:inst10                                               ; SM1         ; work         ;
;       |lpm_counter:inst1|          ; 19 (0)              ; 11 (0)                    ; 0           ; 0          ; 0            ; 0       ; 0         ; 0    ; 0            ; 0          ; |EjemploKeys|AntiRebotes:inst999|lpm_counter:inst1                                        ; lpm_counter ; work         ;
;          |cntr_rei:auto_generated| ; 19 (16)             ; 11 (11)                   ; 0           ; 0          ; 0            ; 0       ; 0         ; 0    ; 0            ; 0          ; |EjemploKeys|AntiRebotes:inst999|lpm_counter:inst1|cntr_rei:auto_generated                ; cntr_rei    ; work         ;
;             |cmpr_usb:cmpr1|       ; 3 (3)               ; 0 (0)                     ; 0           ; 0          ; 0            ; 0       ; 0         ; 0    ; 0            ; 0          ; |EjemploKeys|AntiRebotes:inst999|lpm_counter:inst1|cntr_rei:auto_generated|cmpr_usb:cmpr1 ; cmpr_usb    ; work         ;
+------------------------------------+---------------------+---------------------------+-------------+------------+--------------+---------+-----------+------+--------------+------------+-------------------------------------------------------------------------------------------+-------------+--------------+
Note: For table entries with two numbers listed, the numbers in parentheses indicate the number of resources of the given type used by the specific entity alone. The numbers listed outside of parentheses indicate the total resources of the given type used by the specific entity and all of its sub-entities in the hierarchy.


Encoding Type:  One-Hot
+--------------------------------------------------------------------+
; State Machine - |EjemploKeys|AntiRebotes:inst999|SM1:inst10|fstate ;
+-----------+-----------+-----------+-----------+--------------------+
; Name      ; fstate.Q3 ; fstate.Q2 ; fstate.Q1 ; fstate.Q0          ;
+-----------+-----------+-----------+-----------+--------------------+
; fstate.Q0 ; 0         ; 0         ; 0         ; 0                  ;
; fstate.Q1 ; 0         ; 0         ; 1         ; 1                  ;
; fstate.Q2 ; 0         ; 1         ; 0         ; 1                  ;
; fstate.Q3 ; 1         ; 0         ; 0         ; 1                  ;
+-----------+-----------+-----------+-----------+--------------------+


+------------------------------------------------------+
; General Register Statistics                          ;
+----------------------------------------------+-------+
; Statistic                                    ; Value ;
+----------------------------------------------+-------+
; Total registers                              ; 26    ;
; Number of registers using Synchronous Clear  ; 0     ;
; Number of registers using Synchronous Load   ; 11    ;
; Number of registers using Asynchronous Clear ; 0     ;
; Number of registers using Asynchronous Load  ; 0     ;
; Number of registers using Clock Enable       ; 11    ;
; Number of registers using Preset             ; 0     ;
+----------------------------------------------+-------+


+----------------------------------------------------------+
; Parameter Settings for User Entity Instance: 74191:inst2 ;
+------------------------+--------+------------------------+
; Parameter Name         ; Value  ; Type                   ;
+------------------------+--------+------------------------+
; DEVICE_FAMILY          ; MAX 10 ; Untyped                ;
; AUTO_CARRY_CHAINS      ; ON     ; AUTO_CARRY             ;
; IGNORE_CARRY_BUFFERS   ; OFF    ; IGNORE_CARRY           ;
; AUTO_CASCADE_CHAINS    ; ON     ; AUTO_CASCADE           ;
; IGNORE_CASCADE_BUFFERS ; OFF    ; IGNORE_CASCADE         ;
+------------------------+--------+------------------------+
Note: In order to hide this table in the UI and the text report file, please set the "Show Parameter Settings in Synthesis Report" option in "Analysis and Synthesis Settings -> More Settings" to "Off".


+------------------------------------------------------------------------------------+
; Parameter Settings for User Entity Instance: AntiRebotes:inst999|LPM_COUNTER:inst1 ;
+------------------------+-------------------+---------------------------------------+
; Parameter Name         ; Value             ; Type                                  ;
+------------------------+-------------------+---------------------------------------+
; AUTO_CARRY_CHAINS      ; ON                ; AUTO_CARRY                            ;
; IGNORE_CARRY_BUFFERS   ; OFF               ; IGNORE_CARRY                          ;
; AUTO_CASCADE_CHAINS    ; ON                ; AUTO_CASCADE                          ;
; IGNORE_CASCADE_BUFFERS ; OFF               ; IGNORE_CASCADE                        ;
; LPM_WIDTH              ; 11                ; Untyped                               ;
; LPM_DIRECTION          ; DEFAULT           ; Untyped                               ;
; LPM_MODULUS            ; 1250              ; Untyped                               ;
; LPM_AVALUE             ; UNUSED            ; Untyped                               ;
; LPM_SVALUE             ; UNUSED            ; Untyped                               ;
; LPM_PORT_UPDOWN        ; PORT_CONNECTIVITY ; Untyped                               ;
; DEVICE_FAMILY          ; MAX 10            ; Untyped                               ;
; CARRY_CHAIN            ; MANUAL            ; Untyped                               ;
; CARRY_CHAIN_LENGTH     ; 48                ; CARRY_CHAIN_LENGTH                    ;
; NOT_GATE_PUSH_BACK     ; ON                ; NOT_GATE_PUSH_BACK                    ;
; CARRY_CNT_EN           ; SMART             ; Untyped                               ;
; LABWIDE_SCLR           ; ON                ; Untyped                               ;
; USE_NEW_VERSION        ; TRUE              ; Untyped                               ;
; CBXI_PARAMETER         ; cntr_rei          ; Untyped                               ;
+------------------------+-------------------+---------------------------------------+
Note: In order to hide this table in the UI and the text report file, please set the "Show Parameter Settings in Synthesis Report" option in "Analysis and Synthesis Settings -> More Settings" to "Off".


+-----------------------------------------------------------+
; Parameter Settings for User Entity Instance: 74191:inst33 ;
+------------------------+--------+-------------------------+
; Parameter Name         ; Value  ; Type                    ;
+------------------------+--------+-------------------------+
; DEVICE_FAMILY          ; MAX 10 ; Untyped                 ;
; AUTO_CARRY_CHAINS      ; ON     ; AUTO_CARRY              ;
; IGNORE_CARRY_BUFFERS   ; OFF    ; IGNORE_CARRY            ;
; AUTO_CASCADE_CHAINS    ; ON     ; AUTO_CASCADE            ;
; IGNORE_CASCADE_BUFFERS ; OFF    ; IGNORE_CASCADE          ;
+------------------------+--------+-------------------------+
Note: In order to hide this table in the UI and the text report file, please set the "Show Parameter Settings in Synthesis Report" option in "Analysis and Synthesis Settings -> More Settings" to "Off".


+-----------------------------------------------------+
; Post-Synthesis Netlist Statistics for Top Partition ;
+-----------------------+-----------------------------+
; Type                  ; Count                       ;
+-----------------------+-----------------------------+
; boundary_port         ; 17                          ;
; cycloneiii_ff         ; 26                          ;
;     ENA SLD           ; 11                          ;
;     plain             ; 15                          ;
; cycloneiii_lcell_comb ; 52                          ;
;     arith             ; 11                          ;
;         2 data inputs ; 11                          ;
;     normal            ; 41                          ;
;         0 data inputs ; 2                           ;
;         1 data inputs ; 2                           ;
;         2 data inputs ; 2                           ;
;         3 data inputs ; 13                          ;
;         4 data inputs ; 22                          ;
;                       ;                             ;
; Max LUT depth         ; 4.10                        ;
; Average LUT depth     ; 2.12                        ;
+-----------------------+-----------------------------+


+-------------------------------+
; Elapsed Time Per Partition    ;
+----------------+--------------+
; Partition Name ; Elapsed Time ;
+----------------+--------------+
; Top            ; 00:00:00     ;
+----------------+--------------+


+-------------------------------+
; Analysis & Synthesis Messages ;
+-------------------------------+
Info: *******************************************************************
Info: Running Quartus Prime Analysis & Synthesis
    Info: Version 18.1.0 Build 625 09/12/2018 SJ Lite Edition
    Info: Processing started: Thu Mar 11 18:20:43 2021
Info: Command: quartus_map --read_settings_files=on --write_settings_files=off AntiRebotes -c AntiRebotes
Warning (18236): Number of processors has not been specified which may cause overloading on shared machines.  Set the global assignment NUM_PARALLEL_PROCESSORS in your QSF to an appropriate value for best performance.
Info (20030): Parallel compilation is enabled and will use 6 of the 6 processors detected
Info (12021): Found 1 design units, including 1 entities, in source file ff_meta.bdf
    Info (12023): Found entity 1: FF_META
Info (12021): Found 1 design units, including 1 entities, in source file antirebotes.bdf
    Info (12023): Found entity 1: AntiRebotes
Info (12021): Found 1 design units, including 1 entities, in source file ejemplokeys.bdf
    Info (12023): Found entity 1: EjemploKeys
Info (12127): Elaborating entity "EjemploKeys" for the top level hierarchy
Info (12128): Elaborating entity "7447" for hierarchy "7447:inst4"
Info (12130): Elaborated megafunction instantiation "7447:inst4"
Info (12128): Elaborating entity "74191" for hierarchy "74191:inst2"
Info (12130): Elaborated megafunction instantiation "74191:inst2"
Info (12128): Elaborating entity "f74191" for hierarchy "74191:inst2|f74191:sub" File: d:/programas/intelfpga_lite/quartus_ii_18.1/quartus/libraries/others/maxplus2/74191.tdf Line: 33
Warning (275008): Primitive "VCC" of instance "125" not used
Info (12131): Elaborated megafunction instantiation "74191:inst2|f74191:sub", which is child of megafunction instantiation "74191:inst2" File: d:/programas/intelfpga_lite/quartus_ii_18.1/quartus/libraries/others/maxplus2/74191.tdf Line: 33
Info (12128): Elaborating entity "inhb" for hierarchy "74191:inst2|f74191:sub|inhb:55"
Info (12131): Elaborated megafunction instantiation "74191:inst2|f74191:sub|inhb:55", which is child of megafunction instantiation "74191:inst2"
Info (12128): Elaborating entity "AntiRebotes" for hierarchy "AntiRebotes:inst999"
Warning (12125): Using design file sm1.vhd, which is not specified as a design file for the current project, but contains definitions for 2 design units and 1 entities in project
    Info (12022): Found design unit 1: SM1-BEHAVIOR File: D:/Programas/intelFPGA_lite/Projects_MAX10/Tarea_3/sm1.vhd Line: 33
    Info (12023): Found entity 1: SM1 File: D:/Programas/intelFPGA_lite/Projects_MAX10/Tarea_3/sm1.vhd Line: 21
Info (12128): Elaborating entity "SM1" for hierarchy "AntiRebotes:inst999|SM1:inst10"
Info (12128): Elaborating entity "FF_META" for hierarchy "AntiRebotes:inst999|FF_META:inst"
Info (12128): Elaborating entity "LPM_COUNTER" for hierarchy "AntiRebotes:inst999|LPM_COUNTER:inst1"
Info (12130): Elaborated megafunction instantiation "AntiRebotes:inst999|LPM_COUNTER:inst1"
Info (12133): Instantiated megafunction "AntiRebotes:inst999|LPM_COUNTER:inst1" with the following parameter:
    Info (12134): Parameter "LPM_MODULUS" = "1250"
    Info (12134): Parameter "LPM_WIDTH" = "11"
Info (12021): Found 1 design units, including 1 entities, in source file db/cntr_rei.tdf
    Info (12023): Found entity 1: cntr_rei File: D:/Programas/intelFPGA_lite/Projects_MAX10/Tarea_3/db/cntr_rei.tdf Line: 27
Info (12128): Elaborating entity "cntr_rei" for hierarchy "AntiRebotes:inst999|LPM_COUNTER:inst1|cntr_rei:auto_generated" File: d:/programas/intelfpga_lite/quartus_ii_18.1/quartus/libraries/megafunctions/lpm_counter.tdf Line: 258
Info (12021): Found 1 design units, including 1 entities, in source file db/cmpr_usb.tdf
    Info (12023): Found entity 1: cmpr_usb File: D:/Programas/intelFPGA_lite/Projects_MAX10/Tarea_3/db/cmpr_usb.tdf Line: 22
Info (12128): Elaborating entity "cmpr_usb" for hierarchy "AntiRebotes:inst999|LPM_COUNTER:inst1|cntr_rei:auto_generated|cmpr_usb:cmpr1" File: D:/Programas/intelFPGA_lite/Projects_MAX10/Tarea_3/db/cntr_rei.tdf Line: 92
Info (13014): Ignored 6 buffer(s)
    Info (13015): Ignored 6 CARRY buffer(s)
Info (286030): Timing-Driven Synthesis is running
Info (16010): Generating hard_block partition "hard_block:auto_generated_inst"
    Info (16011): Adding 0 node(s), including 0 DDIO, 0 PLL, 0 transceiver and 0 LCELL
Info (21057): Implemented 71 device resources after synthesis - the final resource count might be different
    Info (21058): Implemented 3 input pins
    Info (21059): Implemented 14 output pins
    Info (21061): Implemented 54 logic cells
Info: Quartus Prime Analysis & Synthesis was successful. 0 errors, 3 warnings
    Info: Peak virtual memory: 4827 megabytes
    Info: Processing ended: Thu Mar 11 18:20:53 2021
    Info: Elapsed time: 00:00:10
    Info: Total CPU time (on all processors): 00:00:21


