Flow report for Ejercicios_T11
Mon Apr 19 10:30:29 2021
Quartus Prime Version 18.1.0 Build 625 09/12/2018 SJ Lite Edition


---------------------
; Table of Contents ;
---------------------
  1. Legal Notice
  2. Flow Summary
  3. Flow Settings
  4. Flow Non-Default Global Settings
  5. Flow Elapsed Time
  6. Flow OS Summary
  7. Flow Log
  8. Flow Messages
  9. Flow Suppressed Messages



----------------
; Legal Notice ;
----------------
Copyright (C) 2018  Intel Corporation. All rights reserved.
Your use of Intel Corporation's design tools, logic functions 
and other software and tools, and its AMPP partner logic 
functions, and any output files from any of the foregoing 
(including device programming or simulation files), and any 
associated documentation or information are expressly subject 
to the terms and conditions of the Intel Program License 
Subscription Agreement, the Intel Quartus Prime License Agreement,
the Intel FPGA IP License Agreement, or other applicable license
agreement, including, without limitation, that your use is for
the sole purpose of programming logic devices manufactured by
Intel and sold by Intel or its authorized distributors.  Please
refer to the applicable agreement for further details.



+----------------------------------------------------------------------------------+
; Flow Summary                                                                     ;
+------------------------------------+---------------------------------------------+
; Flow Status                        ; Successful - Mon Apr 19 10:30:29 2021       ;
; Quartus Prime Version              ; 18.1.0 Build 625 09/12/2018 SJ Lite Edition ;
; Revision Name                      ; Ejercicios_T11                              ;
; Top-level Entity Name              ; ejercicio_1_T11                             ;
; Family                             ; MAX 10                                      ;
; Device                             ; 10M50DAF484C6GES                            ;
; Timing Models                      ; Preliminary                                 ;
; Total logic elements               ; 12 / 49,760 ( < 1 % )                       ;
;     Total combinational functions  ; 10 / 49,760 ( < 1 % )                       ;
;     Dedicated logic registers      ; 4 / 49,760 ( < 1 % )                        ;
; Total registers                    ; 4                                           ;
; Total pins                         ; 4 / 360 ( 1 % )                             ;
; Total virtual pins                 ; 0                                           ;
; Total memory bits                  ; 0 / 1,677,312 ( 0 % )                       ;
; Embedded Multiplier 9-bit elements ; 0 / 288 ( 0 % )                             ;
; Total PLLs                         ; 0 / 4 ( 0 % )                               ;
; UFM blocks                         ; 0 / 1 ( 0 % )                               ;
; ADC blocks                         ; 0 / 2 ( 0 % )                               ;
+------------------------------------+---------------------------------------------+


+-----------------------------------------+
; Flow Settings                           ;
+-------------------+---------------------+
; Option            ; Setting             ;
+-------------------+---------------------+
; Start date & time ; 04/19/2021 10:29:54 ;
; Main task         ; Compilation         ;
; Revision Name     ; Ejercicios_T11      ;
+-------------------+---------------------+


+----------------------------------------------------------------------------------------------------------------------------------+
; Flow Non-Default Global Settings                                                                                                 ;
+-------------------------------------+----------------------------------------+----------------+-----------------+----------------+
; Assignment Name                     ; Value                                  ; Default Value  ; Entity Name     ; Section Id     ;
+-------------------------------------+----------------------------------------+----------------+-----------------+----------------+
; COMPILER_SIGNATURE_ID               ; 215938450624713.161882099413080        ; --             ; --              ; --             ;
; EDA_OUTPUT_DATA_FORMAT              ; Vhdl                                   ; --             ; --              ; eda_simulation ;
; EDA_SIMULATION_TOOL                 ; ModelSim-Altera (VHDL)                 ; <None>         ; --              ; --             ;
; EDA_TIME_SCALE                      ; 1 ps                                   ; --             ; --              ; eda_simulation ;
; MAX_CORE_JUNCTION_TEMP              ; 85                                     ; --             ; --              ; --             ;
; MIN_CORE_JUNCTION_TEMP              ; 0                                      ; --             ; --              ; --             ;
; PARTITION_COLOR                     ; -- (Not supported for targeted family) ; --             ; Ejercicio_1_T11 ; Top            ;
; PARTITION_FITTER_PRESERVATION_LEVEL ; -- (Not supported for targeted family) ; --             ; Ejercicio_1_T11 ; Top            ;
; PARTITION_NETLIST_TYPE              ; -- (Not supported for targeted family) ; --             ; Ejercicio_1_T11 ; Top            ;
; POWER_BOARD_THERMAL_MODEL           ; None (CONSERVATIVE)                    ; --             ; --              ; --             ;
; POWER_PRESET_COOLING_SOLUTION       ; 23 MM HEAT SINK WITH 200 LFPM AIRFLOW  ; --             ; --              ; --             ;
; PROJECT_OUTPUT_DIRECTORY            ; output_files                           ; --             ; --              ; --             ;
; TOP_LEVEL_ENTITY                    ; Ejercicio_1_T11                        ; Ejercicios_T11 ; --              ; --             ;
+-------------------------------------+----------------------------------------+----------------+-----------------+----------------+


+--------------------------------------------------------------------------------------------------------------------------+
; Flow Elapsed Time                                                                                                        ;
+----------------------+--------------+-------------------------+---------------------+------------------------------------+
; Module Name          ; Elapsed Time ; Average Processors Used ; Peak Virtual Memory ; Total CPU Time (on all processors) ;
+----------------------+--------------+-------------------------+---------------------+------------------------------------+
; Analysis & Synthesis ; 00:00:10     ; 1.0                     ; 4814 MB             ; 00:00:21                           ;
; Fitter               ; 00:00:13     ; 1.0                     ; 5763 MB             ; 00:00:15                           ;
; Assembler            ; 00:00:03     ; 1.0                     ; 4679 MB             ; 00:00:03                           ;
; Timing Analyzer      ; 00:00:04     ; 1.0                     ; 4839 MB             ; 00:00:03                           ;
; EDA Netlist Writer   ; 00:00:00     ; 1.0                     ; 4637 MB             ; 00:00:01                           ;
; Total                ; 00:00:30     ; --                      ; --                  ; 00:00:43                           ;
+----------------------+--------------+-------------------------+---------------------+------------------------------------+


+------------------------------------------------------------------------------------+
; Flow OS Summary                                                                    ;
+----------------------+------------------+------------+------------+----------------+
; Module Name          ; Machine Hostname ; OS Name    ; OS Version ; Processor type ;
+----------------------+------------------+------------+------------+----------------+
; Analysis & Synthesis ; DESKTOP-P90D7IV  ; Windows 10 ; 10.0       ; x86_64         ;
; Fitter               ; DESKTOP-P90D7IV  ; Windows 10 ; 10.0       ; x86_64         ;
; Assembler            ; DESKTOP-P90D7IV  ; Windows 10 ; 10.0       ; x86_64         ;
; Timing Analyzer      ; DESKTOP-P90D7IV  ; Windows 10 ; 10.0       ; x86_64         ;
; EDA Netlist Writer   ; DESKTOP-P90D7IV  ; Windows 10 ; 10.0       ; x86_64         ;
+----------------------+------------------+------------+------------+----------------+


------------
; Flow Log ;
------------
quartus_map --read_settings_files=on --write_settings_files=off Ejercicios_T11 -c Ejercicios_T11
quartus_fit --read_settings_files=off --write_settings_files=off Ejercicios_T11 -c Ejercicios_T11
quartus_asm --read_settings_files=off --write_settings_files=off Ejercicios_T11 -c Ejercicios_T11
quartus_sta Ejercicios_T11 -c Ejercicios_T11
quartus_eda --read_settings_files=off --write_settings_files=off Ejercicios_T11 -c Ejercicios_T11



